{"/home/travis/build/npmtest/node-npmtest-webpagetest/test.js":{"path":"/home/travis/build/npmtest/node-npmtest-webpagetest/test.js","s":{"1":2,"2":2,"3":2,"4":2,"5":2,"6":2,"7":2,"8":1,"9":2,"10":2,"11":1,"12":1,"13":1,"14":1,"15":2,"16":2,"17":2,"18":2,"19":1,"20":1,"21":2,"22":2,"23":2,"24":1,"25":1,"26":1,"27":1,"28":1,"29":1,"30":1,"31":1,"32":1,"33":1,"34":1,"35":1,"36":1,"37":1,"38":1,"39":2,"40":2,"41":1,"42":2,"43":2,"44":1,"45":2,"46":2,"47":1,"48":2,"49":2,"50":1,"51":1,"52":1,"53":1,"54":1},"b":{"1":[2,1,1,1],"2":[1,1,1,1],"3":[1,1],"4":[1,1],"5":[1,1],"6":[1,1],"7":[1,1],"8":[1,1],"9":[1,1],"10":[1,1,1],"11":[1,1],"12":[1,1],"13":[1,1],"14":[1,1],"15":[1,1],"16":[1,1],"17":[1,1]},"f":{"1":2,"2":2,"3":2,"4":2,"5":2,"6":1,"7":1,"8":1,"9":2,"10":2,"11":2,"12":2,"13":1},"fnMap":{"1":{"name":"(anonymous_1)","line":12,"loc":{"start":{"line":12,"column":1},"end":{"line":12,"column":13}}},"2":{"name":"(anonymous_2)","line":19,"loc":{"start":{"line":19,"column":5},"end":{"line":19,"column":17}}},"3":{"name":"(anonymous_3)","line":23,"loc":{"start":{"line":23,"column":24},"end":{"line":23,"column":36}}},"4":{"name":"(anonymous_4)","line":61,"loc":{"start":{"line":61,"column":5},"end":{"line":61,"column":17}}},"5":{"name":"(anonymous_5)","line":82,"loc":{"start":{"line":82,"column":5},"end":{"line":82,"column":17}}},"6":{"name":"(anonymous_6)","line":91,"loc":{"start":{"line":91,"column":77},"end":{"line":94,"column":10}}},"7":{"name":"(anonymous_7)","line":112,"loc":{"start":{"line":112,"column":83},"end":{"line":115,"column":10}},"skip":true},"8":{"name":"(anonymous_8)","line":123,"loc":{"start":{"line":123,"column":77},"end":{"line":126,"column":10}},"skip":true},"9":{"name":"(anonymous_9)","line":139,"loc":{"start":{"line":139,"column":12},"end":{"line":139,"column":40}},"skip":true},"10":{"name":"(anonymous_10)","line":147,"loc":{"start":{"line":147,"column":77},"end":{"line":150,"column":10}},"skip":true},"11":{"name":"(anonymous_11)","line":158,"loc":{"start":{"line":158,"column":83},"end":{"line":161,"column":10}},"skip":true},"12":{"name":"(anonymous_12)","line":169,"loc":{"start":{"line":169,"column":79},"end":{"line":172,"column":10}},"skip":true},"13":{"name":"(anonymous_13)","line":180,"loc":{"start":{"line":180,"column":75},"end":{"line":183,"column":10}},"skip":true}},"statementMap":{"1":{"start":{"line":12,"column":0},"end":{"line":195,"column":5}},"2":{"start":{"line":14,"column":4},"end":{"line":14,"column":14}},"3":{"start":{"line":19,"column":4},"end":{"line":56,"column":9}},"4":{"start":{"line":21,"column":8},"end":{"line":21,"column":19}},"5":{"start":{"line":23,"column":8},"end":{"line":35,"column":13}},"6":{"start":{"line":24,"column":12},"end":{"line":34,"column":13}},"7":{"start":{"line":25,"column":16},"end":{"line":28,"column":30}},"8":{"start":{"line":30,"column":16},"end":{"line":33,"column":27}},"9":{"start":{"line":37,"column":8},"end":{"line":39,"column":21}},"10":{"start":{"line":40,"column":8},"end":{"line":53,"column":9}},"11":{"start":{"line":43,"column":12},"end":{"line":46,"column":14}},"12":{"start":{"line":47,"column":12},"end":{"line":47,"column":18}},"13":{"start":{"line":50,"column":12},"end":{"line":51,"column":33}},"14":{"start":{"line":52,"column":12},"end":{"line":52,"column":18}},"15":{"start":{"line":55,"column":8},"end":{"line":55,"column":35}},"16":{"start":{"line":61,"column":4},"end":{"line":63,"column":9}},"17":{"start":{"line":62,"column":8},"end":{"line":62,"column":15}},"18":{"start":{"line":64,"column":4},"end":{"line":77,"column":5}},"19":{"start":{"line":70,"column":8},"end":{"line":70,"column":14}},"20":{"start":{"line":76,"column":8},"end":{"line":76,"column":14}},"21":{"start":{"line":82,"column":4},"end":{"line":84,"column":9}},"22":{"start":{"line":83,"column":8},"end":{"line":83,"column":15}},"23":{"start":{"line":85,"column":4},"end":{"line":194,"column":5}},"24":{"start":{"line":91,"column":8},"end":{"line":99,"column":10}},"25":{"start":{"line":98,"column":12},"end":{"line":98,"column":35}},"26":{"start":{"line":102,"column":8},"end":{"line":104,"column":63}},"27":{"start":{"line":105,"column":8},"end":{"line":105,"column":14}},"28":{"start":{"line":112,"column":8},"end":{"line":121,"column":10},"skip":true},"29":{"start":{"line":119,"column":12},"end":{"line":119,"column":55},"skip":true},"30":{"start":{"line":120,"column":12},"end":{"line":120,"column":48},"skip":true},"31":{"start":{"line":123,"column":8},"end":{"line":136,"column":10},"skip":true},"32":{"start":{"line":130,"column":12},"end":{"line":130,"column":76},"skip":true},"33":{"start":{"line":131,"column":12},"end":{"line":131,"column":73},"skip":true},"34":{"start":{"line":132,"column":12},"end":{"line":132,"column":74},"skip":true},"35":{"start":{"line":133,"column":12},"end":{"line":133,"column":79},"skip":true},"36":{"start":{"line":134,"column":12},"end":{"line":134,"column":25},"skip":true},"37":{"start":{"line":135,"column":12},"end":{"line":135,"column":45},"skip":true},"38":{"start":{"line":138,"column":8},"end":{"line":145,"column":14},"skip":true},"39":{"start":{"line":143,"column":16},"end":{"line":143,"column":29},"skip":true},"40":{"start":{"line":144,"column":16},"end":{"line":144,"column":55},"skip":true},"41":{"start":{"line":147,"column":8},"end":{"line":156,"column":10},"skip":true},"42":{"start":{"line":154,"column":12},"end":{"line":154,"column":25},"skip":true},"43":{"start":{"line":155,"column":12},"end":{"line":155,"column":45},"skip":true},"44":{"start":{"line":158,"column":8},"end":{"line":167,"column":10},"skip":true},"45":{"start":{"line":165,"column":12},"end":{"line":165,"column":25},"skip":true},"46":{"start":{"line":166,"column":12},"end":{"line":166,"column":48},"skip":true},"47":{"start":{"line":169,"column":8},"end":{"line":178,"column":10},"skip":true},"48":{"start":{"line":176,"column":12},"end":{"line":176,"column":25},"skip":true},"49":{"start":{"line":177,"column":12},"end":{"line":177,"column":46},"skip":true},"50":{"start":{"line":180,"column":8},"end":{"line":189,"column":10},"skip":true},"51":{"start":{"line":187,"column":12},"end":{"line":187,"column":94},"skip":true},"52":{"start":{"line":188,"column":12},"end":{"line":188,"column":48},"skip":true},"53":{"start":{"line":192,"column":8},"end":{"line":192,"column":35},"skip":true},"54":{"start":{"line":193,"column":8},"end":{"line":193,"column":14},"skip":true}},"branchMap":{"1":{"line":25,"type":"binary-expr","locations":[{"start":{"line":25,"column":23},"end":{"line":25,"column":62}},{"start":{"line":26,"column":20},"end":{"line":26,"column":70}},{"start":{"line":27,"column":20},"end":{"line":27,"column":71}},{"start":{"line":28,"column":20},"end":{"line":28,"column":29}}]},"2":{"line":30,"type":"binary-expr","locations":[{"start":{"line":30,"column":23},"end":{"line":30,"column":37}},{"start":{"line":31,"column":20},"end":{"line":31,"column":61}},{"start":{"line":32,"column":20},"end":{"line":32,"column":70}},{"start":{"line":33,"column":20},"end":{"line":33,"column":26}}]},"3":{"line":37,"type":"cond-expr","locations":[{"start":{"line":38,"column":14},"end":{"line":38,"column":20}},{"start":{"line":39,"column":14},"end":{"line":39,"column":20}}]},"4":{"line":40,"type":"switch","locations":[{"start":{"line":42,"column":8},"end":{"line":47,"column":18}},{"start":{"line":49,"column":8},"end":{"line":52,"column":18}}]},"5":{"line":44,"type":"binary-expr","locations":[{"start":{"line":44,"column":16},"end":{"line":44,"column":44}},{"start":{"line":44,"column":48},"end":{"line":44,"column":66}}]},"6":{"line":50,"type":"binary-expr","locations":[{"start":{"line":50,"column":21},"end":{"line":50,"column":49}},{"start":{"line":50,"column":53},"end":{"line":50,"column":72}}]},"7":{"line":64,"type":"switch","locations":[{"start":{"line":69,"column":4},"end":{"line":70,"column":14}},{"start":{"line":75,"column":4},"end":{"line":76,"column":14}}]},"8":{"line":85,"type":"switch","locations":[{"start":{"line":90,"column":4},"end":{"line":105,"column":14}},{"start":{"line":111,"column":4},"end":{"line":193,"column":14},"skip":true}]},"9":{"line":91,"type":"binary-expr","locations":[{"start":{"line":91,"column":42},"end":{"line":91,"column":73}},{"start":{"line":91,"column":77},"end":{"line":99,"column":9}}]},"10":{"line":102,"type":"binary-expr","locations":[{"start":{"line":102,"column":18},"end":{"line":102,"column":32}},{"start":{"line":103,"column":12},"end":{"line":103,"column":53}},{"start":{"line":104,"column":12},"end":{"line":104,"column":61}}]},"11":{"line":112,"type":"binary-expr","locations":[{"start":{"line":112,"column":45},"end":{"line":112,"column":79},"skip":true},{"start":{"line":112,"column":83},"end":{"line":121,"column":9},"skip":true}]},"12":{"line":123,"type":"binary-expr","locations":[{"start":{"line":123,"column":42},"end":{"line":123,"column":73},"skip":true},{"start":{"line":123,"column":77},"end":{"line":136,"column":9},"skip":true}]},"13":{"line":138,"type":"binary-expr","locations":[{"start":{"line":138,"column":48},"end":{"line":138,"column":85},"skip":true},{"start":{"line":139,"column":12},"end":{"line":145,"column":13},"skip":true}]},"14":{"line":147,"type":"binary-expr","locations":[{"start":{"line":147,"column":42},"end":{"line":147,"column":73},"skip":true},{"start":{"line":147,"column":77},"end":{"line":156,"column":9},"skip":true}]},"15":{"line":158,"type":"binary-expr","locations":[{"start":{"line":158,"column":45},"end":{"line":158,"column":79},"skip":true},{"start":{"line":158,"column":83},"end":{"line":167,"column":9},"skip":true}]},"16":{"line":169,"type":"binary-expr","locations":[{"start":{"line":169,"column":43},"end":{"line":169,"column":75},"skip":true},{"start":{"line":169,"column":79},"end":{"line":178,"column":9},"skip":true}]},"17":{"line":180,"type":"binary-expr","locations":[{"start":{"line":180,"column":41},"end":{"line":180,"column":71},"skip":true},{"start":{"line":180,"column":75},"end":{"line":189,"column":9},"skip":true}]}},"code":["/* istanbul instrument in package npmtest_webpagetest */","/*jslint","    bitwise: true,","    browser: true,","    maxerr: 8,","    maxlen: 96,","    node: true,","    nomen: true,","    regexp: true,","    stupid: true","*/","(function () {","    'use strict';","    var local;","","","","    // run shared js-env code - pre-init","    (function () {","        // init local","        local = {};","        // init modeJs","        local.modeJs = (function () {","            try {","                return typeof navigator.userAgent === 'string' &&","                    typeof document.querySelector('body') === 'object' &&","                    typeof XMLHttpRequest.prototype.open === 'function' &&","                    'browser';","            } catch (errorCaughtBrowser) {","                return module.exports &&","                    typeof process.versions.node === 'string' &&","                    typeof require('http').createServer === 'function' &&","                    'node';","            }","        }());","        // init global","        local.global = local.modeJs === 'browser'","            ? window","            : global;","        switch (local.modeJs) {","        // re-init local from window.local","        case 'browser':","            local = local.global.utility2.objectSetDefault(","                local.global.utility2_rollup || local.global.local,","                local.global.utility2","            );","            break;","        // re-init local from example.js","        case 'node':","            local = (local.global.utility2_rollup || require('utility2'))","                .requireReadme();","            break;","        }","        // export local","        local.global.local = local;","    }());","","","","    // run shared js-env code - function","    (function () {","        return;","    }());","    switch (local.modeJs) {","","","","    // run browser js-env code - function","    case 'browser':","        break;","","","","    // run node js-env code - function","    case 'node':","        break;","    }","","","","    // run shared js-env code - post-init","    (function () {","        return;","    }());","    switch (local.modeJs) {","","","","    // run browser js-env code - post-init","    case 'browser':","        local.testCase_browser_nullCase = local.testCase_browser_nullCase || function (","            options,","            onError","        ) {","        /*","         * this function will test browsers's null-case handling-behavior-behavior","         */","            onError(null, options);","        };","","        // run tests","        local.nop(local.modeTest &&","            document.querySelector('#testRunButton1') &&","            document.querySelector('#testRunButton1').click());","        break;","","","","    // run node js-env code - post-init","    /* istanbul ignore next */","    case 'node':","        local.testCase_buildApidoc_default = local.testCase_buildApidoc_default || function (","            options,","            onError","        ) {","        /*","         * this function will test buildApidoc's default handling-behavior-behavior","         */","            options = { modulePathList: module.paths };","            local.buildApidoc(options, onError);","        };","","        local.testCase_buildApp_default = local.testCase_buildApp_default || function (","            options,","            onError","        ) {","        /*","         * this function will test buildApp's default handling-behavior-behavior","         */","            local.testCase_buildReadme_default(options, local.onErrorThrow);","            local.testCase_buildLib_default(options, local.onErrorThrow);","            local.testCase_buildTest_default(options, local.onErrorThrow);","            local.testCase_buildCustomOrg_default(options, local.onErrorThrow);","            options = [];","            local.buildApp(options, onError);","        };","","        local.testCase_buildCustomOrg_default = local.testCase_buildCustomOrg_default ||","            function (options, onError) {","            /*","             * this function will test buildCustomOrg's default handling-behavior","             */","                options = {};","                local.buildCustomOrg(options, onError);","            };","","        local.testCase_buildLib_default = local.testCase_buildLib_default || function (","            options,","            onError","        ) {","        /*","         * this function will test buildLib's default handling-behavior","         */","            options = {};","            local.buildLib(options, onError);","        };","","        local.testCase_buildReadme_default = local.testCase_buildReadme_default || function (","            options,","            onError","        ) {","        /*","         * this function will test buildReadme's default handling-behavior-behavior","         */","            options = {};","            local.buildReadme(options, onError);","        };","","        local.testCase_buildTest_default = local.testCase_buildTest_default || function (","            options,","            onError","        ) {","        /*","         * this function will test buildTest's default handling-behavior","         */","            options = {};","            local.buildTest(options, onError);","        };","","        local.testCase_webpage_default = local.testCase_webpage_default || function (","            options,","            onError","        ) {","        /*","         * this function will test webpage's default handling-behavior","         */","            options = { modeCoverageMerge: true, url: local.serverLocalHost + '?modeTest=1' };","            local.browserTest(options, onError);","        };","","        // run test-server","        local.testRunServer(local);","        break;","    }","}());",""],"l":{"12":2,"14":2,"19":2,"21":2,"23":2,"24":2,"25":2,"30":1,"37":2,"40":2,"43":1,"47":1,"50":1,"52":1,"55":2,"61":2,"62":2,"64":2,"70":1,"76":1,"82":2,"83":2,"85":2,"91":1,"98":1,"102":1,"105":1,"112":1,"119":1,"120":1,"123":1,"130":1,"131":1,"132":1,"133":1,"134":1,"135":1,"138":1,"143":2,"144":2,"147":1,"154":2,"155":2,"158":1,"165":2,"166":2,"169":1,"176":2,"177":2,"180":1,"187":1,"188":1,"192":1,"193":1}},"/home/travis/build/npmtest/node-npmtest-webpagetest/lib.npmtest_webpagetest.js":{"path":"/home/travis/build/npmtest/node-npmtest-webpagetest/lib.npmtest_webpagetest.js","s":{"1":2,"2":2,"3":2,"4":2,"5":2,"6":2,"7":2,"8":1,"9":2,"10":2,"11":2,"12":2,"13":1,"14":1,"15":1,"16":1},"b":{"1":[2,1,1,1],"2":[1,1,1,1],"3":[1,1],"4":[2,2],"5":[1,1]},"f":{"1":2,"2":2,"3":2},"fnMap":{"1":{"name":"(anonymous_1)","line":12,"loc":{"start":{"line":12,"column":1},"end":{"line":12,"column":13}}},"2":{"name":"(anonymous_2)","line":19,"loc":{"start":{"line":19,"column":5},"end":{"line":19,"column":17}}},"3":{"name":"(anonymous_3)","line":23,"loc":{"start":{"line":23,"column":24},"end":{"line":23,"column":36}}}},"statementMap":{"1":{"start":{"line":12,"column":0},"end":{"line":53,"column":5}},"2":{"start":{"line":14,"column":4},"end":{"line":14,"column":14}},"3":{"start":{"line":19,"column":4},"end":{"line":52,"column":9}},"4":{"start":{"line":21,"column":8},"end":{"line":21,"column":19}},"5":{"start":{"line":23,"column":8},"end":{"line":35,"column":13}},"6":{"start":{"line":24,"column":12},"end":{"line":34,"column":13}},"7":{"start":{"line":25,"column":16},"end":{"line":28,"column":30}},"8":{"start":{"line":30,"column":16},"end":{"line":33,"column":27}},"9":{"start":{"line":37,"column":8},"end":{"line":39,"column":21}},"10":{"start":{"line":41,"column":8},"end":{"line":41,"column":54}},"11":{"start":{"line":43,"column":8},"end":{"line":43,"column":56}},"12":{"start":{"line":45,"column":8},"end":{"line":51,"column":9}},"13":{"start":{"line":46,"column":12},"end":{"line":46,"column":62}},"14":{"start":{"line":48,"column":12},"end":{"line":48,"column":35}},"15":{"start":{"line":49,"column":12},"end":{"line":49,"column":49}},"16":{"start":{"line":50,"column":12},"end":{"line":50,"column":43}}},"branchMap":{"1":{"line":25,"type":"binary-expr","locations":[{"start":{"line":25,"column":23},"end":{"line":25,"column":62}},{"start":{"line":26,"column":20},"end":{"line":26,"column":70}},{"start":{"line":27,"column":20},"end":{"line":27,"column":71}},{"start":{"line":28,"column":20},"end":{"line":28,"column":29}}]},"2":{"line":30,"type":"binary-expr","locations":[{"start":{"line":30,"column":23},"end":{"line":30,"column":37}},{"start":{"line":31,"column":20},"end":{"line":31,"column":61}},{"start":{"line":32,"column":20},"end":{"line":32,"column":70}},{"start":{"line":33,"column":20},"end":{"line":33,"column":26}}]},"3":{"line":37,"type":"cond-expr","locations":[{"start":{"line":38,"column":14},"end":{"line":38,"column":20}},{"start":{"line":39,"column":14},"end":{"line":39,"column":20}}]},"4":{"line":41,"type":"binary-expr","locations":[{"start":{"line":41,"column":16},"end":{"line":41,"column":44}},{"start":{"line":41,"column":48},"end":{"line":41,"column":53}}]},"5":{"line":45,"type":"if","locations":[{"start":{"line":45,"column":8},"end":{"line":45,"column":8}},{"start":{"line":45,"column":8},"end":{"line":45,"column":8}}]}},"code":["/* istanbul instrument in package npmtest_webpagetest */","/*jslint","    bitwise: true,","    browser: true,","    maxerr: 8,","    maxlen: 96,","    node: true,","    nomen: true,","    regexp: true,","    stupid: true","*/","(function () {","    'use strict';","    var local;","","","","    // run shared js-env code - pre-init","    (function () {","        // init local","        local = {};","        // init modeJs","        local.modeJs = (function () {","            try {","                return typeof navigator.userAgent === 'string' &&","                    typeof document.querySelector('body') === 'object' &&","                    typeof XMLHttpRequest.prototype.open === 'function' &&","                    'browser';","            } catch (errorCaughtBrowser) {","                return module.exports &&","                    typeof process.versions.node === 'string' &&","                    typeof require('http').createServer === 'function' &&","                    'node';","            }","        }());","        // init global","        local.global = local.modeJs === 'browser'","            ? window","            : global;","        // init utility2_rollup","        local = local.global.utility2_rollup || local;","        // init lib","        local.local = local.npmtest_webpagetest = local;","        // init exports","        if (local.modeJs === 'browser') {","            local.global.utility2_npmtest_webpagetest = local;","        } else {","            module.exports = local;","            module.exports.__dirname = __dirname;","            module.exports.module = module;","        }","    }());","}());",""],"l":{"12":2,"14":2,"19":2,"21":2,"23":2,"24":2,"25":2,"30":1,"37":2,"41":2,"43":2,"45":2,"46":1,"48":1,"49":1,"50":1}},"/home/travis/build/npmtest/node-npmtest-webpagetest/example.js":{"path":"/home/travis/build/npmtest/node-npmtest-webpagetest/example.js","s":{"1":2,"2":2,"3":2,"4":2,"5":2,"6":2,"7":2,"8":1,"9":2,"10":2,"11":2,"12":2,"13":1,"14":2,"15":2,"16":2,"17":2,"18":2,"19":0,"20":2,"21":1,"22":1,"23":1,"24":1,"25":1,"26":0,"27":0,"28":1,"29":1,"30":2,"31":0,"32":0,"33":0,"34":1,"35":2,"36":2,"37":3,"38":3,"39":3,"40":3,"41":0,"42":3,"43":3,"44":3,"45":1,"46":3,"47":1,"48":1,"49":1,"50":1,"51":1,"52":1,"53":1,"54":1,"55":1,"56":1,"57":0,"58":1,"59":6,"60":6,"61":1,"62":2,"63":0,"64":2,"65":1,"66":1,"67":0,"68":0,"69":0,"70":0,"71":0,"72":0,"73":0,"74":0,"75":0,"76":0,"77":0,"78":0,"79":0,"80":0,"81":0,"82":0,"83":0},"b":{"1":[2,1,1,1],"2":[1,1,1,1],"3":[1,1],"4":[2,2],"5":[1,1],"6":[1,1],"7":[2,0],"8":[2,1,1,1,1,1],"9":[0,2,0],"10":[1,1],"11":[2,1,1],"12":[1,0],"13":[0,2],"14":[2,0,0,0,0,0,0],"15":[0,3],"16":[3,0],"17":[1,1],"18":[0,1],"19":[1,2,0,2],"20":[1,0],"21":[1,1],"22":[0,0],"23":[0,0],"24":[0,0],"25":[0,0],"26":[0,0],"27":[0,0],"28":[0,0]},"f":{"1":2,"2":2,"3":2,"4":2,"5":2,"6":2,"7":3,"8":3,"9":3,"10":1,"11":6,"12":0},"fnMap":{"1":{"name":"(anonymous_1)","line":26,"loc":{"start":{"line":26,"column":1},"end":{"line":26,"column":13}}},"2":{"name":"(anonymous_2)","line":33,"loc":{"start":{"line":33,"column":5},"end":{"line":33,"column":17}}},"3":{"name":"(anonymous_3)","line":37,"loc":{"start":{"line":37,"column":24},"end":{"line":37,"column":36}}},"4":{"name":"(anonymous_4)","line":69,"loc":{"start":{"line":69,"column":31},"end":{"line":69,"column":48}},"skip":true},"5":{"name":"(anonymous_5)","line":78,"loc":{"start":{"line":78,"column":26},"end":{"line":78,"column":45}},"skip":true},"6":{"name":"(anonymous_6)","line":123,"loc":{"start":{"line":123,"column":33},"end":{"line":123,"column":48}},"skip":true},"7":{"name":"(anonymous_7)","line":125,"loc":{"start":{"line":125,"column":27},"end":{"line":125,"column":39}},"skip":true},"8":{"name":"(anonymous_8)","line":133,"loc":{"start":{"line":133,"column":59},"end":{"line":133,"column":74}},"skip":true},"9":{"name":"(anonymous_9)","line":143,"loc":{"start":{"line":143,"column":45},"end":{"line":143,"column":62}},"skip":true},"10":{"name":"(anonymous_10)","line":144,"loc":{"start":{"line":144,"column":73},"end":{"line":144,"column":92}},"skip":true},"11":{"name":"(anonymous_11)","line":272,"loc":{"start":{"line":272,"column":51},"end":{"line":272,"column":77}},"skip":true},"12":{"name":"(anonymous_12)","line":315,"loc":{"start":{"line":315,"column":32},"end":{"line":315,"column":61}},"skip":true}},"statementMap":{"1":{"start":{"line":26,"column":0},"end":{"line":326,"column":5}},"2":{"start":{"line":28,"column":4},"end":{"line":28,"column":14}},"3":{"start":{"line":33,"column":4},"end":{"line":60,"column":9}},"4":{"start":{"line":35,"column":8},"end":{"line":35,"column":19}},"5":{"start":{"line":37,"column":8},"end":{"line":49,"column":13}},"6":{"start":{"line":38,"column":12},"end":{"line":48,"column":13}},"7":{"start":{"line":39,"column":16},"end":{"line":42,"column":30}},"8":{"start":{"line":44,"column":16},"end":{"line":47,"column":27}},"9":{"start":{"line":51,"column":8},"end":{"line":53,"column":21}},"10":{"start":{"line":55,"column":8},"end":{"line":57,"column":45}},"11":{"start":{"line":59,"column":8},"end":{"line":59,"column":35}},"12":{"start":{"line":61,"column":4},"end":{"line":325,"column":5}},"13":{"start":{"line":69,"column":8},"end":{"line":121,"column":10},"skip":true},"14":{"start":{"line":70,"column":12},"end":{"line":88,"column":13},"skip":true},"15":{"start":{"line":76,"column":16},"end":{"line":87,"column":19},"skip":true},"16":{"start":{"line":79,"column":20},"end":{"line":86,"column":21},"skip":true},"17":{"start":{"line":82,"column":24},"end":{"line":82,"column":43},"skip":true},"18":{"start":{"line":83,"column":24},"end":{"line":83,"column":30},"skip":true},"19":{"start":{"line":85,"column":24},"end":{"line":85,"column":49},"skip":true},"20":{"start":{"line":89,"column":12},"end":{"line":107,"column":13},"skip":true},"21":{"start":{"line":92,"column":16},"end":{"line":102,"column":17},"skip":true},"22":{"start":{"line":93,"column":20},"end":{"line":93,"column":86},"skip":true},"23":{"start":{"line":94,"column":20},"end":{"line":95,"column":45},"skip":true},"24":{"start":{"line":96,"column":20},"end":{"line":96,"column":42},"skip":true},"25":{"start":{"line":97,"column":20},"end":{"line":97,"column":48},"skip":true},"26":{"start":{"line":100,"column":20},"end":{"line":100,"column":85},"skip":true},"27":{"start":{"line":101,"column":20},"end":{"line":101,"column":96},"skip":true},"28":{"start":{"line":103,"column":16},"end":{"line":103,"column":22},"skip":true},"29":{"start":{"line":106,"column":16},"end":{"line":106,"column":22},"skip":true},"30":{"start":{"line":108,"column":12},"end":{"line":120,"column":13},"skip":true},"31":{"start":{"line":114,"column":16},"end":{"line":119,"column":17},"skip":true},"32":{"start":{"line":116,"column":20},"end":{"line":116,"column":78},"skip":true},"33":{"start":{"line":118,"column":20},"end":{"line":118,"column":47},"skip":true},"34":{"start":{"line":123,"column":8},"end":{"line":141,"column":11},"skip":true},"35":{"start":{"line":124,"column":12},"end":{"line":124,"column":54},"skip":true},"36":{"start":{"line":125,"column":12},"end":{"line":140,"column":14},"skip":true},"37":{"start":{"line":126,"column":16},"end":{"line":126,"column":28},"skip":true},"38":{"start":{"line":127,"column":16},"end":{"line":127,"column":69},"skip":true},"39":{"start":{"line":128,"column":16},"end":{"line":128,"column":75},"skip":true},"40":{"start":{"line":129,"column":16},"end":{"line":131,"column":17},"skip":true},"41":{"start":{"line":130,"column":20},"end":{"line":130,"column":27},"skip":true},"42":{"start":{"line":133,"column":16},"end":{"line":137,"column":36},"skip":true},"43":{"start":{"line":134,"column":20},"end":{"line":136,"column":55},"skip":true},"44":{"start":{"line":139,"column":16},"end":{"line":139,"column":57},"skip":true},"45":{"start":{"line":143,"column":8},"end":{"line":147,"column":11},"skip":true},"46":{"start":{"line":144,"column":12},"end":{"line":146,"column":15},"skip":true},"47":{"start":{"line":145,"column":16},"end":{"line":145,"column":70},"skip":true},"48":{"start":{"line":149,"column":8},"end":{"line":149,"column":31},"skip":true},"49":{"start":{"line":150,"column":8},"end":{"line":150,"column":14},"skip":true},"50":{"start":{"line":158,"column":8},"end":{"line":158,"column":31},"skip":true},"51":{"start":{"line":160,"column":8},"end":{"line":160,"column":33},"skip":true},"52":{"start":{"line":161,"column":8},"end":{"line":161,"column":37},"skip":true},"53":{"start":{"line":162,"column":8},"end":{"line":162,"column":35},"skip":true},"54":{"start":{"line":164,"column":8},"end":{"line":164,"column":50},"skip":true},"55":{"start":{"line":166,"column":8},"end":{"line":256,"column":2},"skip":true},"56":{"start":{"line":258,"column":8},"end":{"line":286,"column":9},"skip":true},"57":{"start":{"line":259,"column":12},"end":{"line":269,"column":14},"skip":true},"58":{"start":{"line":271,"column":12},"end":{"line":285,"column":19},"skip":true},"59":{"start":{"line":274,"column":20},"end":{"line":274,"column":35},"skip":true},"60":{"start":{"line":275,"column":20},"end":{"line":284,"column":21},"skip":true},"61":{"start":{"line":277,"column":24},"end":{"line":277,"column":64},"skip":true},"62":{"start":{"line":279,"column":24},"end":{"line":279,"column":40},"skip":true},"63":{"start":{"line":281,"column":24},"end":{"line":281,"column":40},"skip":true},"64":{"start":{"line":283,"column":24},"end":{"line":283,"column":39},"skip":true},"65":{"start":{"line":288,"column":8},"end":{"line":290,"column":9},"skip":true},"66":{"start":{"line":289,"column":12},"end":{"line":289,"column":18},"skip":true},"67":{"start":{"line":291,"column":8},"end":{"line":293,"column":54},"skip":true},"68":{"start":{"line":296,"column":8},"end":{"line":301,"column":37},"skip":true},"69":{"start":{"line":303,"column":8},"end":{"line":303,"column":82},"skip":true},"70":{"start":{"line":306,"column":8},"end":{"line":308,"column":9},"skip":true},"71":{"start":{"line":307,"column":12},"end":{"line":307,"column":82},"skip":true},"72":{"start":{"line":310,"column":8},"end":{"line":312,"column":9},"skip":true},"73":{"start":{"line":311,"column":12},"end":{"line":311,"column":18},"skip":true},"74":{"start":{"line":313,"column":8},"end":{"line":313,"column":54},"skip":true},"75":{"start":{"line":314,"column":8},"end":{"line":314,"column":69},"skip":true},"76":{"start":{"line":315,"column":8},"end":{"line":323,"column":36},"skip":true},"77":{"start":{"line":316,"column":12},"end":{"line":316,"column":61},"skip":true},"78":{"start":{"line":317,"column":12},"end":{"line":320,"column":13},"skip":true},"79":{"start":{"line":318,"column":16},"end":{"line":318,"column":75},"skip":true},"80":{"start":{"line":319,"column":16},"end":{"line":319,"column":23},"skip":true},"81":{"start":{"line":321,"column":12},"end":{"line":321,"column":38},"skip":true},"82":{"start":{"line":322,"column":12},"end":{"line":322,"column":27},"skip":true},"83":{"start":{"line":324,"column":8},"end":{"line":324,"column":14},"skip":true}},"branchMap":{"1":{"line":39,"type":"binary-expr","locations":[{"start":{"line":39,"column":23},"end":{"line":39,"column":62}},{"start":{"line":40,"column":20},"end":{"line":40,"column":70}},{"start":{"line":41,"column":20},"end":{"line":41,"column":71}},{"start":{"line":42,"column":20},"end":{"line":42,"column":29}}]},"2":{"line":44,"type":"binary-expr","locations":[{"start":{"line":44,"column":23},"end":{"line":44,"column":37}},{"start":{"line":45,"column":20},"end":{"line":45,"column":61}},{"start":{"line":46,"column":20},"end":{"line":46,"column":70}},{"start":{"line":47,"column":20},"end":{"line":47,"column":26}}]},"3":{"line":51,"type":"cond-expr","locations":[{"start":{"line":52,"column":14},"end":{"line":52,"column":20}},{"start":{"line":53,"column":14},"end":{"line":53,"column":20}}]},"4":{"line":55,"type":"binary-expr","locations":[{"start":{"line":55,"column":16},"end":{"line":55,"column":44}},{"start":{"line":55,"column":49},"end":{"line":57,"column":43}}]},"5":{"line":55,"type":"cond-expr","locations":[{"start":{"line":56,"column":14},"end":{"line":56,"column":55}},{"start":{"line":57,"column":14},"end":{"line":57,"column":43}}]},"6":{"line":61,"type":"switch","locations":[{"start":{"line":68,"column":4},"end":{"line":150,"column":14},"skip":true},{"start":{"line":156,"column":4},"end":{"line":324,"column":14},"skip":true}]},"7":{"line":70,"type":"if","locations":[{"start":{"line":70,"column":12},"end":{"line":70,"column":12},"skip":true},{"start":{"line":70,"column":12},"end":{"line":70,"column":12},"skip":true}]},"8":{"line":70,"type":"binary-expr","locations":[{"start":{"line":70,"column":16},"end":{"line":70,"column":22},"skip":true},{"start":{"line":70,"column":27},"end":{"line":70,"column":32},"skip":true},{"start":{"line":71,"column":20},"end":{"line":71,"column":39},"skip":true},{"start":{"line":72,"column":20},"end":{"line":72,"column":49},"skip":true},{"start":{"line":73,"column":20},"end":{"line":73,"column":58},"skip":true},{"start":{"line":74,"column":20},"end":{"line":74,"column":69},"skip":true}]},"9":{"line":79,"type":"switch","locations":[{"start":{"line":80,"column":20},"end":{"line":80,"column":33},"skip":true},{"start":{"line":81,"column":20},"end":{"line":83,"column":30},"skip":true},{"start":{"line":84,"column":20},"end":{"line":85,"column":49},"skip":true}]},"10":{"line":89,"type":"switch","locations":[{"start":{"line":90,"column":12},"end":{"line":103,"column":22},"skip":true},{"start":{"line":105,"column":12},"end":{"line":106,"column":22},"skip":true}]},"11":{"line":89,"type":"binary-expr","locations":[{"start":{"line":89,"column":20},"end":{"line":89,"column":25},"skip":true},{"start":{"line":89,"column":29},"end":{"line":89,"column":48},"skip":true},{"start":{"line":89,"column":52},"end":{"line":89,"column":74},"skip":true}]},"12":{"line":92,"type":"if","locations":[{"start":{"line":92,"column":16},"end":{"line":92,"column":16},"skip":true},{"start":{"line":92,"column":16},"end":{"line":92,"column":16},"skip":true}]},"13":{"line":108,"type":"if","locations":[{"start":{"line":108,"column":12},"end":{"line":108,"column":12},"skip":true},{"start":{"line":108,"column":12},"end":{"line":108,"column":12},"skip":true}]},"14":{"line":108,"type":"binary-expr","locations":[{"start":{"line":108,"column":16},"end":{"line":108,"column":61},"skip":true},{"start":{"line":108,"column":66},"end":{"line":108,"column":72},"skip":true},{"start":{"line":108,"column":77},"end":{"line":108,"column":82},"skip":true},{"start":{"line":109,"column":20},"end":{"line":109,"column":39},"skip":true},{"start":{"line":110,"column":20},"end":{"line":110,"column":49},"skip":true},{"start":{"line":111,"column":20},"end":{"line":111,"column":58},"skip":true},{"start":{"line":112,"column":20},"end":{"line":112,"column":68},"skip":true}]},"15":{"line":129,"type":"if","locations":[{"start":{"line":129,"column":16},"end":{"line":129,"column":16},"skip":true},{"start":{"line":129,"column":16},"end":{"line":129,"column":16},"skip":true}]},"16":{"line":134,"type":"cond-expr","locations":[{"start":{"line":135,"column":26},"end":{"line":135,"column":29},"skip":true},{"start":{"line":136,"column":26},"end":{"line":136,"column":54},"skip":true}]},"17":{"line":164,"type":"binary-expr","locations":[{"start":{"line":164,"column":27},"end":{"line":164,"column":43},"skip":true},{"start":{"line":164,"column":47},"end":{"line":164,"column":49},"skip":true}]},"18":{"line":258,"type":"if","locations":[{"start":{"line":258,"column":8},"end":{"line":258,"column":8},"skip":true},{"start":{"line":258,"column":8},"end":{"line":258,"column":8},"skip":true}]},"19":{"line":275,"type":"switch","locations":[{"start":{"line":276,"column":20},"end":{"line":277,"column":64},"skip":true},{"start":{"line":278,"column":20},"end":{"line":279,"column":40},"skip":true},{"start":{"line":280,"column":20},"end":{"line":281,"column":40},"skip":true},{"start":{"line":282,"column":20},"end":{"line":283,"column":39},"skip":true}]},"20":{"line":288,"type":"if","locations":[{"start":{"line":288,"column":8},"end":{"line":288,"column":8},"skip":true},{"start":{"line":288,"column":8},"end":{"line":288,"column":8},"skip":true}]},"21":{"line":288,"type":"binary-expr","locations":[{"start":{"line":288,"column":12},"end":{"line":288,"column":40},"skip":true},{"start":{"line":288,"column":44},"end":{"line":288,"column":67},"skip":true}]},"22":{"line":292,"type":"binary-expr","locations":[{"start":{"line":292,"column":12},"end":{"line":292,"column":50},"skip":true},{"start":{"line":293,"column":12},"end":{"line":293,"column":53},"skip":true}]},"23":{"line":297,"type":"binary-expr","locations":[{"start":{"line":297,"column":12},"end":{"line":297,"column":69},"skip":true},{"start":{"line":298,"column":12},"end":{"line":301,"column":36},"skip":true}]},"24":{"line":303,"type":"binary-expr","locations":[{"start":{"line":303,"column":43},"end":{"line":303,"column":75},"skip":true},{"start":{"line":303,"column":79},"end":{"line":303,"column":81},"skip":true}]},"25":{"line":306,"type":"if","locations":[{"start":{"line":306,"column":8},"end":{"line":306,"column":8},"skip":true},{"start":{"line":306,"column":8},"end":{"line":306,"column":8},"skip":true}]},"26":{"line":310,"type":"if","locations":[{"start":{"line":310,"column":8},"end":{"line":310,"column":8},"skip":true},{"start":{"line":310,"column":8},"end":{"line":310,"column":8},"skip":true}]},"27":{"line":313,"type":"binary-expr","locations":[{"start":{"line":313,"column":27},"end":{"line":313,"column":43},"skip":true},{"start":{"line":313,"column":47},"end":{"line":313,"column":53},"skip":true}]},"28":{"line":317,"type":"if","locations":[{"start":{"line":317,"column":12},"end":{"line":317,"column":12},"skip":true},{"start":{"line":317,"column":12},"end":{"line":317,"column":12},"skip":true}]}},"code":["/*","example.js","","quickstart example","","instruction","    1. save this script as example.js","    2. run the shell command:","        $ npm install npmtest-webpagetest && PORT=8081 node example.js","    3. play with the browser-demo on http://127.0.0.1:8081","*/","","","","/* istanbul instrument in package npmtest_webpagetest */","/*jslint","    bitwise: true,","    browser: true,","    maxerr: 8,","    maxlen: 96,","    node: true,","    nomen: true,","    regexp: true,","    stupid: true","*/","(function () {","    'use strict';","    var local;","","","","    // run shared js-env code - pre-init","    (function () {","        // init local","        local = {};","        // init modeJs","        local.modeJs = (function () {","            try {","                return typeof navigator.userAgent === 'string' &&","                    typeof document.querySelector('body') === 'object' &&","                    typeof XMLHttpRequest.prototype.open === 'function' &&","                    'browser';","            } catch (errorCaughtBrowser) {","                return module.exports &&","                    typeof process.versions.node === 'string' &&","                    typeof require('http').createServer === 'function' &&","                    'node';","            }","        }());","        // init global","        local.global = local.modeJs === 'browser'","            ? window","            : global;","        // init utility2_rollup","        local = local.global.utility2_rollup || (local.modeJs === 'browser'","            ? local.global.utility2_npmtest_webpagetest","            : global.utility2_moduleExports);","        // export local","        local.global.local = local;","    }());","    switch (local.modeJs) {","","","","    // post-init","    // run browser js-env code - post-init","    /* istanbul ignore next */","    case 'browser':","        local.testRunBrowser = function (event) {","            if (!event || (event &&","                    event.currentTarget &&","                    event.currentTarget.className &&","                    event.currentTarget.className.includes &&","                    event.currentTarget.className.includes('onreset'))) {","                // reset output","                Array.from(","                    document.querySelectorAll('body > .resettable')","                ).forEach(function (element) {","                    switch (element.tagName) {","                    case 'INPUT':","                    case 'TEXTAREA':","                        element.value = '';","                        break;","                    default:","                        element.textContent = '';","                    }","                });","            }","            switch (event && event.currentTarget && event.currentTarget.id) {","            case 'testRunButton1':","                // show tests","                if (document.querySelector('#testReportDiv1').style.display === 'none') {","                    document.querySelector('#testReportDiv1').style.display = 'block';","                    document.querySelector('#testRunButton1').textContent =","                        'hide internal test';","                    local.modeTest = true;","                    local.testRunDefault(local);","                // hide tests","                } else {","                    document.querySelector('#testReportDiv1').style.display = 'none';","                    document.querySelector('#testRunButton1').textContent = 'run internal test';","                }","                break;","            // custom-case","            default:","                break;","            }","            if (document.querySelector('#inputTextareaEval1') && (!event || (event &&","                    event.currentTarget &&","                    event.currentTarget.className &&","                    event.currentTarget.className.includes &&","                    event.currentTarget.className.includes('oneval')))) {","                // try to eval input-code","                try {","                    /*jslint evil: true*/","                    eval(document.querySelector('#inputTextareaEval1').value);","                } catch (errorCaught) {","                    console.error(errorCaught);","                }","            }","        };","        // log stderr and stdout to #outputTextareaStdout1","        ['error', 'log'].forEach(function (key) {","            console[key + '_original'] = console[key];","            console[key] = function () {","                var element;","                console[key + '_original'].apply(console, arguments);","                element = document.querySelector('#outputTextareaStdout1');","                if (!element) {","                    return;","                }","                // append text to #outputTextareaStdout1","                element.value += Array.from(arguments).map(function (arg) {","                    return typeof arg === 'string'","                        ? arg","                        : JSON.stringify(arg, null, 4);","                }).join(' ') + '\\n';","                // scroll textarea to bottom","                element.scrollTop = element.scrollHeight;","            };","        });","        // init event-handling","        ['change', 'click', 'keyup'].forEach(function (event) {","            Array.from(document.querySelectorAll('.on' + event)).forEach(function (element) {","                element.addEventListener(event, local.testRunBrowser);","            });","        });","        // run tests","        local.testRunBrowser();","        break;","","","","    // run node js-env code - post-init","    /* istanbul ignore next */","    case 'node':","        // export local","        module.exports = local;","        // require modules","        local.fs = require('fs');","        local.http = require('http');","        local.url = require('url');","        // init assets","        local.assetsDict = local.assetsDict || {};","        /* jslint-ignore-begin */","        local.assetsDict['/assets.index.template.html'] = '\\","<!doctype html>\\n\\","<html lang=\"en\">\\n\\","<head>\\n\\","<meta charset=\"UTF-8\">\\n\\","<meta name=\"viewport\" content=\"width=device-width, initial-scale=1\">\\n\\","<title>{{env.npm_package_name}} (v{{env.npm_package_version}})</title>\\n\\","<style>\\n\\","/*csslint\\n\\","    box-sizing: false,\\n\\","    universal-selector: false\\n\\","*/\\n\\","* {\\n\\","    box-sizing: border-box;\\n\\","}\\n\\","body {\\n\\","    background: #dde;\\n\\","    font-family: Arial, Helvetica, sans-serif;\\n\\","    margin: 2rem;\\n\\","}\\n\\","body > * {\\n\\","    margin-bottom: 1rem;\\n\\","}\\n\\",".utility2FooterDiv {\\n\\","    margin-top: 20px;\\n\\","    text-align: center;\\n\\","}\\n\\","</style>\\n\\","<style>\\n\\","/*csslint\\n\\","*/\\n\\","textarea {\\n\\","    font-family: monospace;\\n\\","    height: 10rem;\\n\\","    width: 100%;\\n\\","}\\n\\","textarea[readonly] {\\n\\","    background: #ddd;\\n\\","}\\n\\","</style>\\n\\","</head>\\n\\","<body>\\n\\","<!-- utility2-comment\\n\\","<div id=\"ajaxProgressDiv1\" style=\"background: #d00; height: 2px; left: 0; margin: 0; padding: 0; position: fixed; top: 0; transition: background 0.5s, width 1.5s; width: 25%;\"></div>\\n\\","utility2-comment -->\\n\\","<h1>\\n\\","<!-- utility2-comment\\n\\","    <a\\n\\","        {{#if env.npm_package_homepage}}\\n\\","        href=\"{{env.npm_package_homepage}}\"\\n\\","        {{/if env.npm_package_homepage}}\\n\\","        target=\"_blank\"\\n\\","    >\\n\\","utility2-comment -->\\n\\","        {{env.npm_package_name}} (v{{env.npm_package_version}})\\n\\","<!-- utility2-comment\\n\\","    </a>\\n\\","utility2-comment -->\\n\\","</h1>\\n\\","<h3>{{env.npm_package_description}}</h3>\\n\\","<!-- utility2-comment\\n\\","<h4><a download href=\"assets.app.js\">download standalone app</a></h4>\\n\\","<button class=\"onclick onreset\" id=\"testRunButton1\">run internal test</button><br>\\n\\","<div id=\"testReportDiv1\" style=\"display: none;\"></div>\\n\\","utility2-comment -->\\n\\","\\n\\","\\n\\","\\n\\","<label>stderr and stdout</label>\\n\\","<textarea class=\"resettable\" id=\"outputTextareaStdout1\" readonly></textarea>\\n\\","<!-- utility2-comment\\n\\","{{#if isRollup}}\\n\\","<script src=\"assets.app.js\"></script>\\n\\","{{#unless isRollup}}\\n\\","utility2-comment -->\\n\\","<script src=\"assets.utility2.rollup.js\"></script>\\n\\","<script src=\"jsonp.utility2._stateInit?callback=window.utility2._stateInit\"></script>\\n\\","<script src=\"assets.npmtest_webpagetest.rollup.js\"></script>\\n\\","<script src=\"assets.example.js\"></script>\\n\\","<script src=\"assets.test.js\"></script>\\n\\","<!-- utility2-comment\\n\\","{{/if isRollup}}\\n\\","utility2-comment -->\\n\\","<div class=\"utility2FooterDiv\">\\n\\","    [ this app was created with\\n\\","    <a href=\"https://github.com/kaizhu256/node-utility2\" target=\"_blank\">utility2</a>\\n\\","    ]\\n\\","</div>\\n\\","</body>\\n\\","</html>\\n\\","';","        /* jslint-ignore-end */","        if (local.templateRender) {","            local.assetsDict['/'] = local.templateRender(","                local.assetsDict['/assets.index.template.html'],","                {","                    env: local.objectSetDefault(local.env, {","                        npm_package_description: 'the greatest app in the world!',","                        npm_package_name: 'my-app',","                        npm_package_nameAlias: 'my_app',","                        npm_package_version: '0.0.1'","                    })","                }","            );","        } else {","            local.assetsDict['/'] = local.assetsDict['/assets.index.template.html']","                .replace((/\\{\\{env\\.(\\w+?)\\}\\}/g), function (match0, match1) {","                    // jslint-hack","                    String(match0);","                    switch (match1) {","                    case 'npm_package_description':","                        return 'the greatest app in the world!';","                    case 'npm_package_name':","                        return 'my-app';","                    case 'npm_package_nameAlias':","                        return 'my_app';","                    case 'npm_package_version':","                        return '0.0.1';","                    }","                });","        }","        // run the cli","        if (local.global.utility2_rollup || module !== require.main) {","            break;","        }","        local.assetsDict['/assets.example.js'] =","            local.assetsDict['/assets.example.js'] ||","            local.fs.readFileSync(__filename, 'utf8');","        // bug-workaround - long $npm_package_buildCustomOrg","        /* jslint-ignore-begin */","        local.assetsDict['/assets.npmtest_webpagetest.rollup.js'] =","            local.assetsDict['/assets.npmtest_webpagetest.rollup.js'] ||","            local.fs.readFileSync(","                local.npmtest_webpagetest.__dirname + '/lib.npmtest_webpagetest.js',","                'utf8'","            ).replace((/^#!/), '//');","        /* jslint-ignore-end */","        local.assetsDict['/favicon.ico'] = local.assetsDict['/favicon.ico'] || '';","        // if $npm_config_timeout_exit exists,","        // then exit this process after $npm_config_timeout_exit ms","        if (Number(process.env.npm_config_timeout_exit)) {","            setTimeout(process.exit, Number(process.env.npm_config_timeout_exit));","        }","        // start server","        if (local.global.utility2_serverHttp1) {","            break;","        }","        process.env.PORT = process.env.PORT || '8081';","        console.error('server starting on port ' + process.env.PORT);","        local.http.createServer(function (request, response) {","            request.urlParsed = local.url.parse(request.url);","            if (local.assetsDict[request.urlParsed.pathname] !== undefined) {","                response.end(local.assetsDict[request.urlParsed.pathname]);","                return;","            }","            response.statusCode = 404;","            response.end();","        }).listen(process.env.PORT);","        break;","    }","}());",""],"l":{"26":2,"28":2,"33":2,"35":2,"37":2,"38":2,"39":2,"44":1,"51":2,"55":2,"59":2,"61":2,"69":1,"70":2,"76":2,"79":2,"82":2,"83":2,"85":1,"89":2,"92":1,"93":1,"94":1,"96":1,"97":1,"100":1,"101":1,"103":1,"106":1,"108":2,"114":1,"116":1,"118":1,"123":1,"124":2,"125":2,"126":3,"127":3,"128":3,"129":3,"130":1,"133":3,"134":3,"139":3,"143":1,"144":3,"145":1,"149":1,"150":1,"158":1,"160":1,"161":1,"162":1,"164":1,"166":1,"258":1,"259":1,"271":1,"274":6,"275":6,"277":1,"279":2,"281":1,"283":2,"288":1,"289":1,"291":1,"296":1,"303":1,"306":1,"307":1,"310":1,"311":1,"313":1,"314":1,"315":1,"316":1,"317":1,"318":1,"319":1,"321":1,"322":1,"324":1}},"/home/travis/build/npmtest/node-npmtest-webpagetest/node_modules/webpagetest/lib/webpagetest.js":{"path":"/home/travis/build/npmtest/node-npmtest-webpagetest/node_modules/webpagetest/lib/webpagetest.js","s":{"1":1,"2":1,"3":1,"4":1,"5":1,"6":0,"7":0,"8":0,"9":0,"10":0,"11":0,"12":0,"13":0,"14":0,"15":0,"16":0,"17":0,"18":0,"19":0,"20":0,"21":0,"22":0,"23":0,"24":0,"25":0,"26":0,"27":0,"28":0,"29":0,"30":0,"31":0,"32":0,"33":0,"34":0,"35":0,"36":0,"37":0,"38":1,"39":0,"40":0,"41":1,"42":0,"43":1,"44":0,"45":0,"46":0,"47":0,"48":0,"49":0,"50":0,"51":0,"52":0,"53":0,"54":0,"55":0,"56":0,"57":0,"58":0,"59":0,"60":0,"61":0,"62":0,"63":0,"64":0,"65":0,"66":0,"67":0,"68":0,"69":0,"70":0,"71":0,"72":0,"73":1,"74":0,"75":0,"76":0,"77":0,"78":0,"79":0,"80":0,"81":0,"82":0,"83":0,"84":0,"85":0,"86":0,"87":0,"88":1,"89":0,"90":0,"91":0,"92":0,"93":0,"94":1,"95":0,"96":0,"97":0,"98":0,"99":0,"100":0,"101":0,"102":1,"103":0,"104":0,"105":0,"106":0,"107":1,"108":0,"109":0,"110":0,"111":0,"112":1,"113":0,"114":0,"115":0,"116":0,"117":0,"118":0,"119":0,"120":0,"121":0,"122":0,"123":0,"124":0,"125":0,"126":1,"127":0,"128":0,"129":0,"130":0,"131":1,"132":0,"133":0,"134":0,"135":1,"136":0,"137":0,"138":0,"139":0,"140":0,"141":0,"142":0,"143":1,"144":0,"145":0,"146":0,"147":0,"148":1,"149":0,"150":0,"151":1,"152":0,"153":0,"154":0,"155":0,"156":0,"157":0,"158":0,"159":0,"160":0,"161":0,"162":0,"163":0,"164":0,"165":0,"166":0,"167":0,"168":0,"169":0,"170":0,"171":0,"172":0,"173":0,"174":0,"175":0,"176":0,"177":0,"178":0,"179":0,"180":1,"181":0,"182":0,"183":0,"184":0,"185":0,"186":1,"187":0,"188":0,"189":0,"190":1,"191":0,"192":0,"193":0,"194":1,"195":0,"196":0,"197":0,"198":0,"199":1,"200":0,"201":0,"202":0,"203":0,"204":1,"205":0,"206":0,"207":0,"208":0,"209":0,"210":1,"211":0,"212":0,"213":0,"214":0,"215":1,"216":0,"217":0,"218":0,"219":0,"220":1,"221":0,"222":0,"223":0,"224":0,"225":1,"226":0,"227":0,"228":0,"229":0,"230":1,"231":0,"232":0,"233":0,"234":0,"235":0,"236":0,"237":1,"238":0,"239":0,"240":0,"241":0,"242":0,"243":0,"244":1,"245":0,"246":0,"247":0,"248":0,"249":0,"250":0,"251":0,"252":1,"253":0,"254":0,"255":0,"256":0,"257":0,"258":0,"259":0,"260":0,"261":0,"262":0,"263":0,"264":0,"265":1,"266":0,"267":0,"268":0,"269":0,"270":0,"271":0,"272":0,"273":0,"274":0,"275":0,"276":0,"277":0,"278":0,"279":0,"280":0,"281":0,"282":0,"283":0,"284":0,"285":1,"286":0,"287":0,"288":0,"289":0,"290":1,"291":0,"292":0,"293":0,"294":0,"295":0,"296":1,"297":0,"298":0,"299":1,"300":0,"301":0,"302":0,"303":0,"304":1,"305":1,"306":1,"307":1,"308":1,"309":1,"310":1,"311":1,"312":1},"b":{"1":[0,0],"2":[0,0],"3":[0,0],"4":[0,0],"5":[0,0],"6":[0,0,0],"7":[0,0],"8":[0,0],"9":[0,0],"10":[0,0],"11":[0,0],"12":[0,0],"13":[0,0],"14":[0,0],"15":[0,0],"16":[0,0],"17":[0,0],"18":[0,0],"19":[0,0],"20":[0,0],"21":[0,0],"22":[0,0],"23":[0,0],"24":[0,0],"25":[0,0],"26":[0,0],"27":[0,0],"28":[0,0],"29":[0,0],"30":[0,0,0],"31":[0,0],"32":[0,0],"33":[0,0],"34":[0,0],"35":[0,0],"36":[0,0],"37":[0,0],"38":[0,0],"39":[0,0],"40":[0,0,0],"41":[0,0],"42":[0,0],"43":[0,0],"44":[0,0],"45":[0,0],"46":[0,0],"47":[0,0],"48":[0,0],"49":[0,0],"50":[0,0],"51":[0,0],"52":[0,0],"53":[0,0],"54":[0,0],"55":[0,0],"56":[0,0],"57":[0,0],"58":[0,0],"59":[0,0,0,0,0,0],"60":[0,0],"61":[0,0],"62":[0,0],"63":[0,0,0],"64":[0,0],"65":[0,0],"66":[0,0],"67":[0,0],"68":[0,0],"69":[0,0],"70":[0,0],"71":[0,0],"72":[0,0],"73":[0,0],"74":[0,0],"75":[0,0],"76":[0,0],"77":[0,0],"78":[0,0],"79":[0,0],"80":[0,0],"81":[0,0],"82":[0,0],"83":[0,0],"84":[0,0],"85":[0,0],"86":[0,0],"87":[0,0],"88":[0,0],"89":[0,0],"90":[0,0],"91":[0,0],"92":[0,0],"93":[0,0],"94":[0,0],"95":[0,0],"96":[0,0],"97":[0,0],"98":[0,0],"99":[0,0],"100":[0,0],"101":[0,0],"102":[0,0],"103":[0,0],"104":[0,0],"105":[0,0],"106":[0,0],"107":[0,0],"108":[0,0],"109":[0,0],"110":[0,0],"111":[0,0],"112":[0,0],"113":[0,0],"114":[0,0],"115":[0,0],"116":[0,0],"117":[0,0],"118":[0,0],"119":[0,0],"120":[0,0,0],"121":[0,0],"122":[0,0],"123":[0,0],"124":[0,0],"125":[0,0],"126":[0,0],"127":[0,0],"128":[0,0],"129":[0,0],"130":[0,0,0],"131":[0,0],"132":[0,0],"133":[0,0],"134":[0,0,0],"135":[0,0],"136":[0,0,0],"137":[0,0],"138":[0,0,0],"139":[0,0],"140":[0,0],"141":[0,0],"142":[0,0],"143":[0,0],"144":[0,0],"145":[0,0],"146":[0,0],"147":[0,0],"148":[0,0],"149":[0,0]},"f":{"1":0,"2":0,"3":0,"4":0,"5":0,"6":0,"7":0,"8":0,"9":0,"10":0,"11":0,"12":0,"13":0,"14":0,"15":0,"16":0,"17":0,"18":0,"19":0,"20":0,"21":0,"22":0,"23":0,"24":0,"25":0,"26":0,"27":0,"28":0,"29":0,"30":0,"31":0,"32":0,"33":0,"34":0,"35":0,"36":0,"37":0,"38":0,"39":0,"40":0,"41":0,"42":0,"43":0,"44":0,"45":0,"46":0},"fnMap":{"1":{"name":"get","line":59,"loc":{"start":{"line":59,"column":0},"end":{"line":59,"column":58}}},"2":{"name":"getResponse","line":94,"loc":{"start":{"line":94,"column":31},"end":{"line":94,"column":57}}},"3":{"name":"onData","line":108,"loc":{"start":{"line":108,"column":21},"end":{"line":108,"column":44}}},"4":{"name":"onEnd","line":113,"loc":{"start":{"line":113,"column":20},"end":{"line":113,"column":37}}},"5":{"name":"unzip","line":125,"loc":{"start":{"line":125,"column":29},"end":{"line":125,"column":57}}},"6":{"name":"onError","line":144,"loc":{"start":{"line":144,"column":17},"end":{"line":144,"column":39}}},"7":{"name":"callbackYield","line":150,"loc":{"start":{"line":150,"column":0},"end":{"line":150,"column":53}}},"8":{"name":"asyncParserCallback","line":157,"loc":{"start":{"line":157,"column":0},"end":{"line":157,"column":49}}},"9":{"name":"api","line":162,"loc":{"start":{"line":162,"column":0},"end":{"line":162,"column":49}}},"10":{"name":"apiCallback","line":191,"loc":{"start":{"line":191,"column":52},"end":{"line":191,"column":90}}},"11":{"name":"setFilename","line":231,"loc":{"start":{"line":231,"column":0},"end":{"line":231,"column":51}}},"12":{"name":"(anonymous_12)","line":243,"loc":{"start":{"line":243,"column":48},"end":{"line":243,"column":62}}},"13":{"name":"getTestStatus","line":263,"loc":{"start":{"line":263,"column":0},"end":{"line":263,"column":46}}},"14":{"name":"getTestResults","line":273,"loc":{"start":{"line":273,"column":0},"end":{"line":273,"column":47}}},"15":{"name":"getLocations","line":291,"loc":{"start":{"line":291,"column":0},"end":{"line":291,"column":41}}},"16":{"name":"getTesters","line":300,"loc":{"start":{"line":300,"column":0},"end":{"line":300,"column":39}}},"17":{"name":"runTest","line":309,"loc":{"start":{"line":309,"column":0},"end":{"line":309,"column":42}}},"18":{"name":"resultsCallback","line":340,"loc":{"start":{"line":340,"column":2},"end":{"line":340,"column":38}}},"19":{"name":"poll","line":349,"loc":{"start":{"line":349,"column":2},"end":{"line":349,"column":27}}},"20":{"name":"testCallback","line":362,"loc":{"start":{"line":362,"column":2},"end":{"line":362,"column":39}}},"21":{"name":"timeout","line":378,"loc":{"start":{"line":378,"column":2},"end":{"line":378,"column":21}}},"22":{"name":"listener","line":392,"loc":{"start":{"line":392,"column":2},"end":{"line":392,"column":22}}},"23":{"name":"wait","line":403,"loc":{"start":{"line":403,"column":2},"end":{"line":403,"column":18}}},"24":{"name":"resultsOpts","line":414,"loc":{"start":{"line":414,"column":47},"end":{"line":414,"column":73}}},"25":{"name":"(anonymous_25)","line":439,"loc":{"start":{"line":439,"column":31},"end":{"line":439,"column":50}}},"26":{"name":"(anonymous_26)","line":451,"loc":{"start":{"line":451,"column":23},"end":{"line":451,"column":37}}},"27":{"name":"cancelTest","line":468,"loc":{"start":{"line":468,"column":0},"end":{"line":468,"column":43}}},"28":{"name":"getPageSpeedData","line":479,"loc":{"start":{"line":479,"column":0},"end":{"line":479,"column":49}}},"29":{"name":"getHARData","line":489,"loc":{"start":{"line":489,"column":0},"end":{"line":489,"column":43}}},"30":{"name":"getUtilizationData","line":496,"loc":{"start":{"line":496,"column":0},"end":{"line":496,"column":51}}},"31":{"name":"getRequestData","line":507,"loc":{"start":{"line":507,"column":0},"end":{"line":507,"column":47}}},"32":{"name":"getTimelineData","line":530,"loc":{"start":{"line":530,"column":0},"end":{"line":530,"column":48}}},"33":{"name":"getNetLogData","line":540,"loc":{"start":{"line":540,"column":0},"end":{"line":540,"column":46}}},"34":{"name":"getChromeTraceData","line":551,"loc":{"start":{"line":551,"column":0},"end":{"line":551,"column":51}}},"35":{"name":"getConsoleLogData","line":562,"loc":{"start":{"line":562,"column":0},"end":{"line":562,"column":50}}},"36":{"name":"getTestInfo","line":573,"loc":{"start":{"line":573,"column":0},"end":{"line":573,"column":44}}},"37":{"name":"getHistory","line":584,"loc":{"start":{"line":584,"column":0},"end":{"line":584,"column":45}}},"38":{"name":"getGoogleCsiData","line":599,"loc":{"start":{"line":599,"column":0},"end":{"line":599,"column":49}}},"39":{"name":"getResponseBody","line":610,"loc":{"start":{"line":610,"column":0},"end":{"line":610,"column":48}}},"40":{"name":"getWaterfallImage","line":624,"loc":{"start":{"line":624,"column":0},"end":{"line":624,"column":50}}},"41":{"name":"getScreenshotImage","line":650,"loc":{"start":{"line":650,"column":0},"end":{"line":650,"column":51}}},"42":{"name":"listen","line":686,"loc":{"start":{"line":686,"column":0},"end":{"line":686,"column":42}}},"43":{"name":"getEmbedVideoPlayer","line":694,"loc":{"start":{"line":694,"column":0},"end":{"line":694,"column":52}}},"44":{"name":"(anonymous_44)","line":705,"loc":{"start":{"line":705,"column":19},"end":{"line":705,"column":35}}},"45":{"name":"createVideo","line":712,"loc":{"start":{"line":712,"column":0},"end":{"line":712,"column":47}}},"46":{"name":"WebPageTest","line":724,"loc":{"start":{"line":724,"column":0},"end":{"line":724,"column":34}}}},"statementMap":{"1":{"start":{"line":8,"column":0},"end":{"line":16,"column":35}},"2":{"start":{"line":18,"column":0},"end":{"line":20,"column":46}},"3":{"start":{"line":22,"column":0},"end":{"line":39,"column":2}},"4":{"start":{"line":41,"column":0},"end":{"line":56,"column":2}},"5":{"start":{"line":59,"column":0},"end":{"line":147,"column":1}},"6":{"start":{"line":60,"column":2},"end":{"line":61,"column":14}},"7":{"start":{"line":63,"column":2},"end":{"line":88,"column":3}},"8":{"start":{"line":64,"column":4},"end":{"line":64,"column":46}},"9":{"start":{"line":66,"column":4},"end":{"line":68,"column":5}},"10":{"start":{"line":67,"column":6},"end":{"line":67,"column":40}},"11":{"start":{"line":70,"column":4},"end":{"line":70,"column":67}},"12":{"start":{"line":72,"column":4},"end":{"line":79,"column":6}},"13":{"start":{"line":81,"column":4},"end":{"line":87,"column":6}},"14":{"start":{"line":90,"column":2},"end":{"line":92,"column":3}},"15":{"start":{"line":91,"column":4},"end":{"line":91,"column":56}},"16":{"start":{"line":94,"column":2},"end":{"line":146,"column":5}},"17":{"start":{"line":95,"column":4},"end":{"line":96,"column":36}},"18":{"start":{"line":98,"column":4},"end":{"line":143,"column":5}},"19":{"start":{"line":99,"column":6},"end":{"line":101,"column":8}},"20":{"start":{"line":103,"column":6},"end":{"line":103,"column":16}},"21":{"start":{"line":104,"column":6},"end":{"line":104,"column":17}},"22":{"start":{"line":106,"column":6},"end":{"line":106,"column":71}},"23":{"start":{"line":108,"column":6},"end":{"line":111,"column":9}},"24":{"start":{"line":109,"column":8},"end":{"line":109,"column":25}},"25":{"start":{"line":110,"column":8},"end":{"line":110,"column":31}},"26":{"start":{"line":113,"column":6},"end":{"line":142,"column":9}},"27":{"start":{"line":114,"column":8},"end":{"line":116,"column":69}},"28":{"start":{"line":118,"column":8},"end":{"line":121,"column":9}},"29":{"start":{"line":119,"column":10},"end":{"line":119,"column":36}},"30":{"start":{"line":120,"column":10},"end":{"line":120,"column":32}},"31":{"start":{"line":123,"column":8},"end":{"line":141,"column":9}},"32":{"start":{"line":125,"column":10},"end":{"line":134,"column":13}},"33":{"start":{"line":126,"column":12},"end":{"line":133,"column":13}},"34":{"start":{"line":127,"column":14},"end":{"line":127,"column":28}},"35":{"start":{"line":129,"column":14},"end":{"line":132,"column":17}},"36":{"start":{"line":137,"column":10},"end":{"line":140,"column":13}},"37":{"start":{"line":145,"column":4},"end":{"line":145,"column":18}},"38":{"start":{"line":150,"column":0},"end":{"line":154,"column":1}},"39":{"start":{"line":151,"column":2},"end":{"line":153,"column":3}},"40":{"start":{"line":152,"column":4},"end":{"line":152,"column":63}},"41":{"start":{"line":157,"column":0},"end":{"line":159,"column":1}},"42":{"start":{"line":158,"column":2},"end":{"line":158,"column":42}},"43":{"start":{"line":162,"column":0},"end":{"line":228,"column":1}},"44":{"start":{"line":163,"column":2},"end":{"line":163,"column":13}},"45":{"start":{"line":165,"column":2},"end":{"line":165,"column":26}},"46":{"start":{"line":168,"column":2},"end":{"line":172,"column":3}},"47":{"start":{"line":169,"column":4},"end":{"line":169,"column":52}},"48":{"start":{"line":171,"column":4},"end":{"line":171,"column":25}},"49":{"start":{"line":174,"column":2},"end":{"line":177,"column":5}},"50":{"start":{"line":179,"column":2},"end":{"line":224,"column":3}},"51":{"start":{"line":182,"column":4},"end":{"line":186,"column":5}},"52":{"start":{"line":183,"column":6},"end":{"line":185,"column":8}},"53":{"start":{"line":191,"column":4},"end":{"line":222,"column":36}},"54":{"start":{"line":192,"column":6},"end":{"line":219,"column":7}},"55":{"start":{"line":193,"column":8},"end":{"line":218,"column":9}},"56":{"start":{"line":194,"column":10},"end":{"line":215,"column":11}},"57":{"start":{"line":196,"column":12},"end":{"line":201,"column":13}},"58":{"start":{"line":197,"column":14},"end":{"line":198,"column":61}},"59":{"start":{"line":200,"column":14},"end":{"line":200,"column":42}},"60":{"start":{"line":203,"column":12},"end":{"line":214,"column":13}},"61":{"start":{"line":204,"column":14},"end":{"line":204,"column":24}},"62":{"start":{"line":205,"column":19},"end":{"line":214,"column":13}},"63":{"start":{"line":206,"column":14},"end":{"line":206,"column":38}},"64":{"start":{"line":207,"column":19},"end":{"line":214,"column":13}},"65":{"start":{"line":208,"column":14},"end":{"line":209,"column":61}},"66":{"start":{"line":210,"column":19},"end":{"line":214,"column":13}},"67":{"start":{"line":211,"column":14},"end":{"line":211,"column":66}},"68":{"start":{"line":212,"column":19},"end":{"line":214,"column":13}},"69":{"start":{"line":213,"column":14},"end":{"line":213,"column":47}},"70":{"start":{"line":217,"column":10},"end":{"line":217,"column":19}},"71":{"start":{"line":221,"column":6},"end":{"line":221,"column":50}},"72":{"start":{"line":227,"column":2},"end":{"line":227,"column":14}},"73":{"start":{"line":231,"column":0},"end":{"line":259,"column":1}},"74":{"start":{"line":232,"column":2},"end":{"line":232,"column":18}},"75":{"start":{"line":234,"column":2},"end":{"line":234,"column":26}},"76":{"start":{"line":237,"column":2},"end":{"line":238,"column":35}},"77":{"start":{"line":239,"column":2},"end":{"line":240,"column":26}},"78":{"start":{"line":242,"column":2},"end":{"line":246,"column":3}},"79":{"start":{"line":243,"column":4},"end":{"line":245,"column":24}},"80":{"start":{"line":244,"column":6},"end":{"line":244,"column":28}},"81":{"start":{"line":248,"column":2},"end":{"line":258,"column":3}},"82":{"start":{"line":249,"column":4},"end":{"line":249,"column":38}},"83":{"start":{"line":251,"column":4},"end":{"line":253,"column":5}},"84":{"start":{"line":252,"column":6},"end":{"line":252,"column":22}},"85":{"start":{"line":254,"column":4},"end":{"line":256,"column":5}},"86":{"start":{"line":255,"column":6},"end":{"line":255,"column":36}},"87":{"start":{"line":257,"column":4},"end":{"line":257,"column":17}},"88":{"start":{"line":263,"column":0},"end":{"line":271,"column":1}},"89":{"start":{"line":264,"column":2},"end":{"line":264,"column":25}},"90":{"start":{"line":266,"column":2},"end":{"line":266,"column":33}},"91":{"start":{"line":267,"column":2},"end":{"line":267,"column":55}},"92":{"start":{"line":268,"column":2},"end":{"line":268,"column":59}},"93":{"start":{"line":270,"column":2},"end":{"line":270,"column":68}},"94":{"start":{"line":273,"column":0},"end":{"line":289,"column":1}},"95":{"start":{"line":274,"column":2},"end":{"line":274,"column":25}},"96":{"start":{"line":276,"column":2},"end":{"line":276,"column":66}},"97":{"start":{"line":277,"column":2},"end":{"line":277,"column":54}},"98":{"start":{"line":278,"column":2},"end":{"line":278,"column":60}},"99":{"start":{"line":281,"column":2},"end":{"line":286,"column":3}},"100":{"start":{"line":282,"column":4},"end":{"line":285,"column":6}},"101":{"start":{"line":288,"column":2},"end":{"line":288,"column":69}},"102":{"start":{"line":291,"column":0},"end":{"line":298,"column":1}},"103":{"start":{"line":292,"column":2},"end":{"line":292,"column":33}},"104":{"start":{"line":293,"column":2},"end":{"line":293,"column":55}},"105":{"start":{"line":295,"column":2},"end":{"line":295,"column":67}},"106":{"start":{"line":297,"column":2},"end":{"line":297,"column":67}},"107":{"start":{"line":300,"column":0},"end":{"line":307,"column":1}},"108":{"start":{"line":301,"column":2},"end":{"line":301,"column":33}},"109":{"start":{"line":302,"column":2},"end":{"line":302,"column":55}},"110":{"start":{"line":304,"column":2},"end":{"line":304,"column":65}},"111":{"start":{"line":306,"column":2},"end":{"line":306,"column":65}},"112":{"start":{"line":309,"column":0},"end":{"line":466,"column":1}},"113":{"start":{"line":310,"column":2},"end":{"line":310,"column":17}},"114":{"start":{"line":312,"column":2},"end":{"line":312,"column":33}},"115":{"start":{"line":313,"column":2},"end":{"line":313,"column":48}},"116":{"start":{"line":316,"column":2},"end":{"line":316,"column":54}},"117":{"start":{"line":318,"column":2},"end":{"line":320,"column":3}},"118":{"start":{"line":319,"column":4},"end":{"line":319,"column":45}},"119":{"start":{"line":321,"column":2},"end":{"line":321,"column":57}},"120":{"start":{"line":324,"column":2},"end":{"line":326,"column":3}},"121":{"start":{"line":325,"column":4},"end":{"line":325,"column":51}},"122":{"start":{"line":329,"column":2},"end":{"line":329,"column":19}},"123":{"start":{"line":332,"column":2},"end":{"line":334,"column":3}},"124":{"start":{"line":333,"column":4},"end":{"line":333,"column":30}},"125":{"start":{"line":337,"column":2},"end":{"line":338,"column":26}},"126":{"start":{"line":340,"column":2},"end":{"line":347,"column":3}},"127":{"start":{"line":341,"column":4},"end":{"line":341,"column":27}},"128":{"start":{"line":342,"column":4},"end":{"line":346,"column":5}},"129":{"start":{"line":343,"column":6},"end":{"line":343,"column":24}},"130":{"start":{"line":345,"column":6},"end":{"line":345,"column":26}},"131":{"start":{"line":349,"column":2},"end":{"line":360,"column":3}},"132":{"start":{"line":352,"column":4},"end":{"line":359,"column":5}},"133":{"start":{"line":355,"column":6},"end":{"line":356,"column":63}},"134":{"start":{"line":358,"column":6},"end":{"line":358,"column":33}},"135":{"start":{"line":362,"column":2},"end":{"line":376,"column":3}},"136":{"start":{"line":363,"column":4},"end":{"line":365,"column":5}},"137":{"start":{"line":364,"column":6},"end":{"line":364,"column":35}},"138":{"start":{"line":367,"column":4},"end":{"line":367,"column":30}},"139":{"start":{"line":369,"column":4},"end":{"line":371,"column":5}},"140":{"start":{"line":370,"column":6},"end":{"line":370,"column":54}},"141":{"start":{"line":373,"column":4},"end":{"line":375,"column":5}},"142":{"start":{"line":374,"column":6},"end":{"line":374,"column":20}},"143":{"start":{"line":378,"column":2},"end":{"line":390,"column":3}},"144":{"start":{"line":379,"column":4},"end":{"line":381,"column":5}},"145":{"start":{"line":380,"column":6},"end":{"line":380,"column":21}},"146":{"start":{"line":382,"column":4},"end":{"line":382,"column":26}},"147":{"start":{"line":383,"column":4},"end":{"line":389,"column":7}},"148":{"start":{"line":392,"column":2},"end":{"line":401,"column":3}},"149":{"start":{"line":393,"column":4},"end":{"line":398,"column":7}},"150":{"start":{"line":400,"column":4},"end":{"line":400,"column":78}},"151":{"start":{"line":403,"column":2},"end":{"line":406,"column":3}},"152":{"start":{"line":404,"column":4},"end":{"line":404,"column":52}},"153":{"start":{"line":405,"column":4},"end":{"line":405,"column":31}},"154":{"start":{"line":409,"column":2},"end":{"line":411,"column":3}},"155":{"start":{"line":410,"column":4},"end":{"line":410,"column":66}},"156":{"start":{"line":414,"column":2},"end":{"line":421,"column":5}},"157":{"start":{"line":415,"column":4},"end":{"line":416,"column":46}},"158":{"start":{"line":418,"column":4},"end":{"line":420,"column":5}},"159":{"start":{"line":419,"column":6},"end":{"line":419,"column":35}},"160":{"start":{"line":424,"column":2},"end":{"line":429,"column":3}},"161":{"start":{"line":425,"column":4},"end":{"line":425,"column":75}},"162":{"start":{"line":427,"column":4},"end":{"line":428,"column":22}},"163":{"start":{"line":432,"column":2},"end":{"line":463,"column":3}},"164":{"start":{"line":434,"column":4},"end":{"line":435,"column":42}},"165":{"start":{"line":437,"column":4},"end":{"line":437,"column":33}},"166":{"start":{"line":439,"column":4},"end":{"line":449,"column":18}},"167":{"start":{"line":440,"column":6},"end":{"line":440,"column":41}},"168":{"start":{"line":442,"column":6},"end":{"line":442,"column":27}},"169":{"start":{"line":443,"column":6},"end":{"line":443,"column":16}},"170":{"start":{"line":445,"column":6},"end":{"line":448,"column":7}},"171":{"start":{"line":446,"column":8},"end":{"line":447,"column":44}},"172":{"start":{"line":451,"column":4},"end":{"line":460,"column":18}},"173":{"start":{"line":452,"column":6},"end":{"line":459,"column":7}},"174":{"start":{"line":454,"column":8},"end":{"line":454,"column":51}},"175":{"start":{"line":455,"column":8},"end":{"line":455,"column":35}},"176":{"start":{"line":456,"column":8},"end":{"line":456,"column":24}},"177":{"start":{"line":458,"column":8},"end":{"line":458,"column":22}},"178":{"start":{"line":462,"column":4},"end":{"line":462,"column":27}},"179":{"start":{"line":465,"column":2},"end":{"line":465,"column":62}},"180":{"start":{"line":468,"column":0},"end":{"line":477,"column":1}},"181":{"start":{"line":469,"column":2},"end":{"line":469,"column":25}},"182":{"start":{"line":471,"column":2},"end":{"line":471,"column":33}},"183":{"start":{"line":472,"column":2},"end":{"line":472,"column":55}},"184":{"start":{"line":474,"column":2},"end":{"line":474,"column":59}},"185":{"start":{"line":476,"column":2},"end":{"line":476,"column":64}},"186":{"start":{"line":479,"column":0},"end":{"line":487,"column":1}},"187":{"start":{"line":480,"column":2},"end":{"line":480,"column":33}},"188":{"start":{"line":481,"column":2},"end":{"line":481,"column":55}},"189":{"start":{"line":483,"column":2},"end":{"line":486,"column":14}},"190":{"start":{"line":489,"column":0},"end":{"line":494,"column":1}},"191":{"start":{"line":490,"column":2},"end":{"line":490,"column":33}},"192":{"start":{"line":491,"column":2},"end":{"line":491,"column":55}},"193":{"start":{"line":493,"column":2},"end":{"line":493,"column":66}},"194":{"start":{"line":496,"column":0},"end":{"line":505,"column":1}},"195":{"start":{"line":497,"column":2},"end":{"line":497,"column":33}},"196":{"start":{"line":498,"column":2},"end":{"line":498,"column":48}},"197":{"start":{"line":499,"column":2},"end":{"line":499,"column":53}},"198":{"start":{"line":501,"column":2},"end":{"line":504,"column":14}},"199":{"start":{"line":507,"column":0},"end":{"line":528,"column":1}},"200":{"start":{"line":508,"column":2},"end":{"line":508,"column":33}},"201":{"start":{"line":509,"column":2},"end":{"line":509,"column":48}},"202":{"start":{"line":511,"column":2},"end":{"line":522,"column":56}},"203":{"start":{"line":524,"column":2},"end":{"line":527,"column":14}},"204":{"start":{"line":530,"column":0},"end":{"line":538,"column":1}},"205":{"start":{"line":531,"column":2},"end":{"line":531,"column":12}},"206":{"start":{"line":533,"column":2},"end":{"line":533,"column":33}},"207":{"start":{"line":534,"column":2},"end":{"line":534,"column":55}},"208":{"start":{"line":535,"column":2},"end":{"line":535,"column":49}},"209":{"start":{"line":537,"column":2},"end":{"line":537,"column":66}},"210":{"start":{"line":540,"column":0},"end":{"line":549,"column":1}},"211":{"start":{"line":541,"column":2},"end":{"line":541,"column":33}},"212":{"start":{"line":542,"column":2},"end":{"line":542,"column":48}},"213":{"start":{"line":543,"column":2},"end":{"line":543,"column":57}},"214":{"start":{"line":545,"column":2},"end":{"line":548,"column":14}},"215":{"start":{"line":551,"column":0},"end":{"line":560,"column":1}},"216":{"start":{"line":552,"column":2},"end":{"line":552,"column":33}},"217":{"start":{"line":553,"column":2},"end":{"line":553,"column":48}},"218":{"start":{"line":554,"column":2},"end":{"line":554,"column":57}},"219":{"start":{"line":556,"column":2},"end":{"line":559,"column":14}},"220":{"start":{"line":562,"column":0},"end":{"line":571,"column":1}},"221":{"start":{"line":563,"column":2},"end":{"line":563,"column":33}},"222":{"start":{"line":564,"column":2},"end":{"line":564,"column":48}},"223":{"start":{"line":565,"column":2},"end":{"line":565,"column":48}},"224":{"start":{"line":567,"column":2},"end":{"line":570,"column":14}},"225":{"start":{"line":573,"column":0},"end":{"line":582,"column":1}},"226":{"start":{"line":574,"column":2},"end":{"line":574,"column":33}},"227":{"start":{"line":575,"column":2},"end":{"line":575,"column":48}},"228":{"start":{"line":576,"column":2},"end":{"line":576,"column":48}},"229":{"start":{"line":578,"column":2},"end":{"line":581,"column":14}},"230":{"start":{"line":584,"column":0},"end":{"line":597,"column":1}},"231":{"start":{"line":585,"column":2},"end":{"line":585,"column":12}},"232":{"start":{"line":587,"column":2},"end":{"line":587,"column":33}},"233":{"start":{"line":588,"column":2},"end":{"line":588,"column":48}},"234":{"start":{"line":589,"column":2},"end":{"line":589,"column":54}},"235":{"start":{"line":590,"column":2},"end":{"line":594,"column":4}},"236":{"start":{"line":596,"column":2},"end":{"line":596,"column":65}},"237":{"start":{"line":599,"column":0},"end":{"line":608,"column":1}},"238":{"start":{"line":600,"column":2},"end":{"line":600,"column":12}},"239":{"start":{"line":602,"column":2},"end":{"line":602,"column":33}},"240":{"start":{"line":603,"column":2},"end":{"line":603,"column":48}},"241":{"start":{"line":604,"column":2},"end":{"line":604,"column":54}},"242":{"start":{"line":605,"column":2},"end":{"line":605,"column":49}},"243":{"start":{"line":607,"column":2},"end":{"line":607,"column":67}},"244":{"start":{"line":610,"column":0},"end":{"line":622,"column":1}},"245":{"start":{"line":611,"column":2},"end":{"line":611,"column":12}},"246":{"start":{"line":613,"column":2},"end":{"line":613,"column":33}},"247":{"start":{"line":614,"column":2},"end":{"line":614,"column":48}},"248":{"start":{"line":615,"column":2},"end":{"line":617,"column":4}},"249":{"start":{"line":618,"column":2},"end":{"line":618,"column":43}},"250":{"start":{"line":619,"column":2},"end":{"line":619,"column":39}},"251":{"start":{"line":621,"column":2},"end":{"line":621,"column":70}},"252":{"start":{"line":624,"column":0},"end":{"line":648,"column":1}},"253":{"start":{"line":625,"column":2},"end":{"line":626,"column":33}},"254":{"start":{"line":628,"column":2},"end":{"line":628,"column":33}},"255":{"start":{"line":629,"column":2},"end":{"line":629,"column":48}},"256":{"start":{"line":630,"column":2},"end":{"line":631,"column":50}},"257":{"start":{"line":632,"column":2},"end":{"line":632,"column":64}},"258":{"start":{"line":633,"column":2},"end":{"line":634,"column":51}},"259":{"start":{"line":635,"column":2},"end":{"line":638,"column":4}},"260":{"start":{"line":640,"column":2},"end":{"line":643,"column":3}},"261":{"start":{"line":641,"column":4},"end":{"line":641,"column":31}},"262":{"start":{"line":642,"column":4},"end":{"line":642,"column":59}},"263":{"start":{"line":645,"column":2},"end":{"line":645,"column":62}},"264":{"start":{"line":647,"column":2},"end":{"line":647,"column":60}},"265":{"start":{"line":650,"column":0},"end":{"line":684,"column":1}},"266":{"start":{"line":651,"column":2},"end":{"line":654,"column":20}},"267":{"start":{"line":656,"column":2},"end":{"line":656,"column":33}},"268":{"start":{"line":657,"column":2},"end":{"line":657,"column":48}},"269":{"start":{"line":658,"column":2},"end":{"line":658,"column":50}},"270":{"start":{"line":659,"column":2},"end":{"line":659,"column":64}},"271":{"start":{"line":660,"column":2},"end":{"line":661,"column":51}},"272":{"start":{"line":663,"column":2},"end":{"line":670,"column":3}},"273":{"start":{"line":664,"column":4},"end":{"line":664,"column":47}},"274":{"start":{"line":665,"column":9},"end":{"line":670,"column":3}},"275":{"start":{"line":666,"column":4},"end":{"line":666,"column":52}},"276":{"start":{"line":667,"column":9},"end":{"line":670,"column":3}},"277":{"start":{"line":668,"column":4},"end":{"line":668,"column":50}},"278":{"start":{"line":669,"column":4},"end":{"line":669,"column":17}},"279":{"start":{"line":671,"column":2},"end":{"line":674,"column":4}},"280":{"start":{"line":676,"column":2},"end":{"line":676,"column":47}},"281":{"start":{"line":678,"column":2},"end":{"line":681,"column":3}},"282":{"start":{"line":679,"column":4},"end":{"line":679,"column":31}},"283":{"start":{"line":680,"column":4},"end":{"line":680,"column":42}},"284":{"start":{"line":683,"column":2},"end":{"line":683,"column":61}},"285":{"start":{"line":686,"column":0},"end":{"line":692,"column":1}},"286":{"start":{"line":687,"column":2},"end":{"line":687,"column":33}},"287":{"start":{"line":688,"column":2},"end":{"line":688,"column":48}},"288":{"start":{"lin
[...]
ation': {","      name: 'minimumDuration',","      key: 'N',","      api: 'time',","      param: 'seconds',","      info: 'minimum test duration in seconds'","    },","    'tester': {","      name: 'tester',","      key: 'E',","      api: 'tester',","      param: 'name',","      info: 'run the test on a specific PC (name must match exactly or the test will not run)'","    },","","    // Chrome tab","    'mobile': {","      name: 'emulateMobile',","      key: 'W',","      api: 'mobile',","      bool: true,","      info: '(experimental) emulate mobile browser: Chrome mobile user agent, 640x960 screen, 2x scaling and fixed viewport (Chrome only)'","    },","    'timeline': {","      name: 'timeline',","      key: 'M',","      api: 'timeline',","      bool: true,","      info: 'capture Developer Tools Timeline (Chrome only)'","    },","    'callstack': {","      name: 'timelineCallStack',","      key: 'J',","      api: 'timelineStack',","      bool: true,","      info: 'set between 1-5 to include the JS call stack. must be used in conjunction with timeline (increases overhead) (Chrome only)',","      valid: /[1-5]/","    },","    'chrometrace': {","      name: 'chromeTrace',","      key: 'q',","      api: 'trace',","      bool: true,","      info: 'capture chrome trace (about://tracing) (Chrome only)'","    },","    'netlog': {","      name: 'netLog',","      key: 'G',","      api: 'netlog',","      bool: true,","      info: 'capture Network Log (Chrome only)'","    },","    'datareduction': {","      name: 'dataReduction',","      key: 'Q',","      api: 'dataReduction',","      bool: true,","      info: 'enable data reduction on Chrome 34+ Android (Chrome only)'","    },","    'useragent': {","      name: 'userAgent',","      key: 'x',","      api: 'uastring',","      param: 'string',","      info: 'custom user agent string (Chrome only)'","    },","    'cmdline': {","      name: 'commandLine',","      key: 'X',","      api: 'cmdline',","      param: 'switches',","      info: 'use a list of custom command line switches (Chrome only)'","    },","","    // Auth tab","    'login': {","      name: 'login',","      key: 'g',","      api: 'login',","      param: 'username',","      info: 'username for authenticating tests (http authentication)'","    },","    'password': {","      name: 'password',","      key: 'w',","      api: 'password',","      param: 'password',","      info: 'password for authenticating tests (http authentication)'","    },","","    // Script tab","    'sensitive': {","      name: 'sensitive',","      key: 't',","      api: 'sensitive',","      bool: true,","      info: 'discard script and http headers in the result'","    },","    'noheaders': {","      name: 'disableHTTPHeaders',","      key: 'H',","      api: 'noheaders',","      bool: true,","      info: 'disable saving of the http headers (as well as browser status messages and CPU utilization)'","    },","","    // Block tab","    'block': {","      name: 'block',","      key: 'b',","      api: 'block',","      param: 'urls',","      array: true,","      info: 'space-delimited list of urls to block (substring match)'","    },","","    // SPOF tab","    'spof': {","      name: 'spof',","      key: 'Z',","      api: 'spof',","      param: 'domains',","      array: true,","      info: 'space-delimited list of domains to simulate failure by re-routing to blackhole.webpagetest.org to silently drop all requests'","    },","","    // Custom tab","    'custom': {","      name: 'customMetrics',","      key: 'c',","      api: 'custom',","      param: 'script',","      info: 'execute arbitrary javascript at the end of a test to collect custom metrics'","    },","","    // API only settings","    'authtype': {","      name: 'authenticationType',","      key: 'a',","      api: 'authType',","      param: 'type',","      info: 'type of authentication: 0 = Basic, 1 = SNS [0]'","    },","    'notify': {","      name: 'notifyEmail',","      key: 'n',","      api: 'notify',","      param: 'e-mail',","      info: 'e-mail address to notify with the test results'","    },","    'pingback': {","      name: 'pingback',","      key: 'B',","      api: 'pingback',","      param: 'url',","      info: 'URL to ping when the test is complete (the test ID will be passed as an \"id\" parameter)'","    },","    'bwdown': {","      name: 'bandwidthDown',","      key: 'D',","      api: 'bwDown',","      param: 'bandwidth',","      info: 'download bandwidth in Kbps (used when specifying a custom connectivity profile)'","    },","    'bwup': {","      name: 'bandwidthUp',","      key: 'U',","      api: 'bwUp',","      param: 'bandwidth',","      info: 'upload bandwidth in Kbps (used when specifying a custom connectivity profile)'","    },","    'latency': {","      name: 'latency',","      key: 'Y',","      api: 'latency',","      param: 'time',","      info: 'first-hop Round Trip Time in ms (used when specifying a custom connectivity profile)'","    },","    'plr': {","      name: 'packetLossRate',","      key: 'P',","      api: 'plr',","      param: 'percentage',","      info: 'packet loss rate - percent of packets to drop (used when specifying a custom connectivity profile)'","    },","    'noopt': {","      name: 'disableOptimization',","      key: 'z',","      api: 'noopt',","      bool: true,","      info: 'disable optimization checks (for faster testing)'","    },","    'noimages': {","      name: 'disableScreenshot',","      key: 'I',","      api: 'noimages',","      bool: true,","      info: 'disable screen shot capturing'","    },","    'full': {","      name: 'fullResolutionScreenshot',","      key: 'F',","      api: 'pngss',","      bool: true,","      info: 'save a full-resolution version of the fully loaded screen shot as a PNG'","    },","    'jpeg': {","      name: 'jpegQuality',","      key: 'j',","      api: 'iq',","      param: 'level',","      info: 'jpeg compression level (30-100) for the screen shots and video capture'","    },","    'medianvideo': {","      name: 'medianVideo',","      key: 'A',","      api: 'mv',","      bool: true,","      info: 'store the video from the median run when capturing video is enabled'","    },","    'htmlbody': {","      name: 'htmlBody',","      api: 'htmlbody',","      bool: true,","      info: 'save the content of only the base HTML response'","    },","    'tsview': {","      name: 'tsView',","      api: 'tsview_id',","      param: 'id',","      info: 'test name to use when submitting results to tsviewdb (for private instances that have integrated with tsviewdb)'","    },","    'tsviewconfigs': {","      name: 'tsViewConfigs',","      api: 'tsview_configs',","      param: 'string',","      info: 'configs to use when submitting results to tsviewdb (for private instances that have integrated with tsviewdb)'","    },","    'affinity': {","      name: 'affinity',","      api: 'affinity',","      param: 'string',","      info: 'string to hash test to a specific test agent. tester will be picked by index among available testers'","    },","    'priority': {","      name: 'priority',","      api: 'priority',","      param: 'number',","      info: 'change test priority (0-9) [enforced by API key, otherwise 5]',","      valid: /^\\d$/","    },","    // Undocumented/experimental/transitent/deprecated","    'noads': {","      name: 'blockAds',","      api: 'blockads',","      bool: true,","      info: 'block ads defined by adblockrules.org'","    },","    'continuous': {","      name: 'continuousVideoCapture',","      api: 'continuousVideo',","      bool: true,","      info: 'capture video continuously (unstable/experimental, may cause tests to fail)'","    },","    'spdy3': {","      name: 'forceSpdy3',","      api: 'spdy3',","      bool: true,","      info: 'force SPDY version 3 (Chrome only)'","    },","    'swrender': {","      name: 'forceSoftwareRendering',","      api: 'swrender',","      bool: true,","      info: 'force software rendering, disable GPU acceleration (Chrome only)'","    },","","    // Synchonous tests + results","    'poll': {","      name: 'pollResults',","      param: 'interval',","      optional: true,","      info: 'poll for results after test is scheduled at every <interval> seconds [5]'","    },","    'wait': {","      name: 'waitResults',","      param: 'hostname:port',","      optional: true,","      info: 'wait for test results informed by agent once complete listening on <hostname>:<port> [hostname:first port available above 8000]'","    },","    'timeout': {","      name: 'timeout',","      param: 'seconds',","      info: 'timeout for polling and waiting results [no timeout]'","    }","  },","  request: {","    'request': {","      name: 'requestId',","      key: 'e',","      api: 'r',","      param: 'id',","      info: 'echo request ID, useful to track asynchronous requests'","    }","  },","  run: {","    'run': {","      name: 'run',","      key: 'r',","      param: 'number',","      info: 'which run number on a multiple runs test [1]'","    },","    'cached': {","      name: 'repeatView',","      key: 'c',","      bool: true,","      info: 'get the Repeat View (cached view) instead of default First View (primed cache)'","    }","  },","  image: {","    'thumbnail': {","      name: 'thumbnail',","      key: 't',","      bool: true,","      info: 'get the thumbnail of actual image'","    },","    'uri': {","      name: 'dataURI',","      key: 'u',","      bool: true,","      info: 'return the base64 string representation (inline) of actual image'","    }","  },","  screenshot: {","    'full': {","      name: 'fullResolution',","      key: 'f',","      bool: true,","      info: 'get full resolution screenshot in PNG format if available'","    },","    'render': {","      name: 'startRender',","      key: 'n',","      bool: true,","      info: 'get the page screenshot at the Start Render point (i.e.: when something was first displayed on screen)'","    },","    'complete': {","      name: 'documentComplete',","      key: 'p',","      bool: true,","      info: 'get the page screenshot at the Document Complete point (i.e.: when window.onload was fired)'","    }","  },","  results: {","    'breakdown': {","      name: 'breakDown',","      key: 'b',","      api: 'breakdown',","      bool: true,","      info: 'include the breakdown of requests and bytes by mime type'","    },","    'domains': {","      name: 'domains',","      key: 'D',","      api: 'domains',","      bool: true,","      info: 'include the breakdown of requests and bytes by domain'","    },","    'pagespeed': {","      name: 'pageSpeed',","      key: 'p',","      api: 'pagespeed',","      bool: true,","      info: 'include the PageSpeed score in the response (may be slower)'","    },","    'requests': {","      name: 'requests',","      key: 'R',","      api: 'requests',","      bool: true,","      info: 'include the request data in the response (slower and results in much larger responses)'","    },","    'median': {","      name: 'medianMetric',","      key: 'm',","      api: 'medianMetric',","      param: 'metric',","      info: 'set the metric used to calculate median for multiple runs tests [loadTime]'","    },","    'medianrun': {","      name: 'medianRun',","      api: 'medianRun',","      param: 'metric',","      info: 'set the run used for median for multiple runs tests [median]'","    },","    'specs': {","      name: 'specs',","      key: 'S',","      param: 'json_or_file',","      info: 'set the specs for performance test suite'","    },","    'reporter': {","      name: 'reporter',","      key: 'r',","      param: 'name',","      info: 'set performance test suite reporter output: [dot]|spec|tap|xunit|list|progress|min|nyan|landing|json|doc|markdown|teamcity',","      valid: /^(?:dot|spec|tap|xunit|list|progress|min|nyan|landing|json|doc|markdown|teamcity)$/","    }","  },","  waterfall: {","    'type': {","      name: 'chartType',","      api: 'type',","      key: 'T',","      param: 'chart',","      info: 'set the chart type: waterfall or connection [waterfall]'","    },","    'mime': {","      name: 'colorByMime',","      api: 'mime',","      key: 'M',","      bool: true,","      info: 'set chart coloring by MIME type [false]'","    },","    'width': {","      name: 'chartWidth',","      api: 'width',","      key: 'w',","      param: 'px',","      info: 'chart image width in px (300-2000) [930]'","    },","    'max': {","      name: 'maxTime',","      api: 'max',","      key: 'm',","      param: 'seconds',","      info: 'set maximum time in seconds [automatic]'","    },","    'requests': {","      name: 'requests',","      api: 'requests',","      key: 'R',","      param: 'items',","      info: 'filter requests (e.g.:1,2,3,4-9,8) [all]'","    },","    'nocpu': {","      name: 'noCPU',","      api: 'cpu',","      key: 'C',","      bool: true,","      invert: true,","      info: 'hide CPU utilization [false]'","    },","    'nobandwidth': {","      name: 'noBandwidth',","      api: 'bw',","      key: 'b',","      bool: true,","      invert: true,","      info: 'hide bandwidth utilization [false]'","    },","    'noellipsis': {","      name: 'noEllipsis',","      api: 'dots',","      key: 'i',","      bool: true,","      invert: true,","      info: 'hide ellipsis (...) for missing items [false]'","    },","    'nolabels': {","      name: 'noLabels',","      api: 'labels',","      key: 'l',","      bool: true,","      invert: true,","      info: 'hide labels for requests (URL) [false]'","    }","  },","  'apikey': {","    'key': {","      name: 'key',","      key: 'k',","      api: 'k',","      param: 'api_key',","      info: 'API key (if assigned). Contact the WebPageTest server administrator for a key if required'","    }","  },","  'video': {","    'end': {","      name: 'comparisonEndPoint',","      key: 'e',","      api: 'end',","      param: 'end_point',","      info: 'frame comparison end point: [visual]=visually complete | all=last change | doc=document complete | full=fully loaded',","      valid: /^(?:visual|all|doc|full)$/","    }","  },","  'response': {","    'request': {","      name: 'request',","      api: 'request',","      key: 'R',","      param: 'number',","      info: 'the request number [1]'","    }","  },","  'listen': {","    'key': {","      name: 'key',","      key: 'k',","      param: 'file',","      info: 'private key file to use for SSL'","    },","    'cert': {","      name: 'cert',","      key: 'c',","      param: 'file',","      info: 'public x509 certificate file to use for SSL'","    }","  }","};","","var commands = {","  'status': {","    name: 'getTestStatus',","    param: 'id',","    options: [options.request],","    info: 'check test status'","  },","  'results': {","    name: 'getTestResults',","    param: 'id',","    options: [options.results, options.request],","    info: 'get test results'","  },","  'locations': {","    name: 'getLocations',","    options: [options.request],","    info: 'list locations and the number of pending tests'","  },","  'testers': {","    name: 'getTesters',","    options: [options.request],","    info: 'list testers status and details'","  },","  'test': {","    name: 'runTest',","    param: 'url_or_script',","    options: [options.apikey, options.test, options.request, options.results],","    info: 'run test',","    nokey: [options.results]","  },","  'cancel': {","    name: 'cancelTest',","    param: 'id',","    options: [options.apikey],","    info: 'cancel running/pending test'","  },","  'har': {","    name: 'getHARData',","    param: 'id',","    info: 'get the HTTP Archive (HAR) from test'","  },","  'pagespeed': {","    name: 'getPageSpeedData',","    param: 'id',","    options: [options.run],","    info: 'get the Google Page Speed results (if available) from test'","  },","  'utilization': {","    name: 'getUtilizationData',","    param: 'id',","    options: [options.run],","    info: 'get the CPU, bandwidth and memory utilization data from test'","  },","  'request': {","    name: 'getRequestData',","    param: 'id',","    options: [options.run],","    info: 'get the request data from test'","  },","  'timeline': {","    name: 'getTimelineData',","    param: 'id',","    options: [options.run],","    info: 'get the Chrome Developer Tools Timeline data (if available) from test'","  },","  'netlog': {","    name: 'getNetLogData',","    param: 'id',","    options: [options.run],","    info: 'get the Chrome Developer Tools Net log data (if available) from test'","  },","  'chrometrace': {","    name: 'getChromeTraceData',","    param: 'id',","    options: [options.run],","    info: 'get the Chrome Trace data (if available) from test'","  },","  'console': {","    name: 'getConsoleLogData',","    param: 'id',","    options: [options.run],","    info: 'get the browser console log data (if available) from test'","  },","  'testinfo': {","    name: 'getTestInfo',","    param: 'id',","    info: 'get test request info/details'","  },","  'history': {","    name: 'getHistory',","    param: 'days',","    optional: true,","    info: 'get history of previously run tests'","  },","  'googlecsi': {","    name: 'getGoogleCsiData',","    param: 'id',","    options: [options.run],","    info: 'get Google CSI data (Client Side Instrumentation)'","  },","  'response': {","    name: 'getResponseBody',","    param: 'id',","    options: [options.run, options.response],","    info: 'get response body for text resources'","  },","  'waterfall': {","    name: 'getWaterfallImage',","    param: 'id',","    options: [options.run, options.image, options.waterfall],","    info: 'get the waterfall PNG image'","  },","  'screenshot': {","    name: 'getScreenshotImage',","    param: 'id',","    options: [options.run, options.image, options.screenshot],","    info: 'get the fully loaded page screenshot in JPG format (PNG if in full resolution)'","  },","  'video': {","    name: 'createVideo',","    param: 'tests',","    options: [options.video],","    info: 'create a video from <tests> (comma separated test ids)'","  },","  'player': {","    name: 'getEmbedVideoPlayer',","    param: 'id',","    info: 'get a html5 player for a video <id>'","  },","  'listen': {","    name: 'listen',","    param: 'hostname:port',","    optional: true,","    options: [options.listen],","    info: 'start webpagetest-api proxy server on <hostname>:<port> [hostname:%s]'","  }","};","","// add options shorthands by referrencing flag through key","Object.keys(options).forEach(function eachType(type) {","  Object.keys(options[type]).forEach(function eachOption(option) {","    var obj = options[type][option];","    if (obj.key) {","      options[type][obj.key] = obj;","    }","  });","});","","// set valid options only per command","function setOptions(command, query) {","  var count, opts;","","  command = commands[command];","  if (!command) {","    return;","  }","","  opts = {};","  count = Object.keys(query).length;","","  [options.common].concat(command.options).some(function someTypes(options) {","    if (!options) {","      return;","    }","    Object.keys(options).some(function someOptions(key) {","      var valid = options[key].valid;","","      if (query.hasOwnProperty(key)) {","        if (options[key].bool) {","          opts[options[key].name] = !reBool.test(query[key]);","        } else if (!valid || (valid && valid.test(query[key]))) {","          opts[options[key].name] = decodeURIComponent(query[key]);","        }","        count -= 1;","      }","","      return count === 0;","    });","","    return count === 0;","  });","","  return opts;","}","","module.exports = {","  setOptions: setOptions,","  commands: commands,","  options: options","};",""],"l":{"8":1,"10":1,"664":1,"803":1,"804":12,"805":89,"806":89,"807":76,"813":1,"814":0,"816":0,"817":0,"818":0,"821":0,"822":0,"824":0,"825":0,"826":0,"828":0,"829":0,"831":0,"832":0,"833":0,"834":0,"835":0,"837":0,"840":0,"843":0,"846":0,"849":1}}}